2025-06-12 01:46:01.306 [info] [main] Log level: Info
2025-06-12 01:46:01.306 [info] [main] Validating found git in: "git"
2025-06-12 01:46:01.306 [info] [main] Using git "2.49.0" from "git"
2025-06-12 01:46:01.306 [info] [Model][doInitialScan] Initial repository scan started
2025-06-12 01:46:01.306 [info] > git rev-parse --show-toplevel [59ms]
2025-06-12 01:46:01.307 [info] > git rev-parse --git-dir --git-common-dir [3ms]
2025-06-12 01:46:01.325 [info] [Model][openRepository] Opened repository (path): /home/movved/Documents/projex/pomodoro_react/pomodoro
2025-06-12 01:46:01.325 [info] [Model][openRepository] Opened repository (real path): /home/movved/Documents/projex/pomodoro_react/pomodoro
2025-06-12 01:46:01.346 [info] > git rev-parse --show-toplevel [6ms]
2025-06-12 01:46:01.347 [info] > git config --get commit.template [12ms]
2025-06-12 01:46:01.368 [info] > git rev-parse --show-toplevel [9ms]
2025-06-12 01:46:01.372 [info] [Model][doInitialScan] Initial repository scan completed - repositories (1), closed repositories (0), parent repositories (0), unsafe repositories (0)
2025-06-12 01:46:01.373 [info] > git for-each-ref --format=%(refname)%00%(upstream:short)%00%(objectname)%00%(upstream:track)%00%(upstream:remotename)%00%(upstream:remoteref) refs/heads/main refs/remotes/main [6ms]
2025-06-12 01:46:01.390 [info] > git status -z -uall [9ms]
2025-06-12 01:46:01.406 [info] > git for-each-ref --sort -committerdate --format %(refname)%00%(objectname)%00%(*objectname) [18ms]
2025-06-12 01:46:01.450 [info] > git for-each-ref --format=%(refname)%00%(upstream:short)%00%(objectname)%00%(upstream:track)%00%(upstream:remotename)%00%(upstream:remoteref) refs/heads/main refs/remotes/main [14ms]
2025-06-12 01:46:01.463 [info] > git config --get --local branch.main.vscode-merge-base [7ms]
2025-06-12 01:46:01.463 [warning] [Git][config] git config failed: Failed to execute git
2025-06-12 01:46:01.470 [info] > git config --get commit.template [22ms]
2025-06-12 01:46:01.478 [info] > git reflog main --grep-reflog=branch: Created from *. [9ms]
2025-06-12 01:46:01.484 [info] > git for-each-ref --format=%(refname)%00%(upstream:short)%00%(objectname)%00%(upstream:track)%00%(upstream:remotename)%00%(upstream:remoteref) refs/heads/main refs/remotes/main [7ms]
2025-06-12 01:46:01.484 [info] > git symbolic-ref --short refs/remotes/origin/HEAD [1ms]
2025-06-12 01:46:01.484 [info] fatal: ref refs/remotes/origin/HEAD is not a symbolic ref
2025-06-12 01:46:01.485 [warning] [Repository][getDefaultBranch] Failed to get default branch details: Failed to execute git.
2025-06-12 01:46:01.494 [info] > git merge-base refs/heads/main refs/remotes/origin/main [3ms]
2025-06-12 01:46:01.512 [info] > git status -z -uall [7ms]
2025-06-12 01:46:01.513 [info] > git diff --name-status -z --diff-filter=ADMR 73d673b4834c9bccb38249d11614699a84d92e6b...refs/remotes/origin/main [13ms]
2025-06-12 01:46:01.514 [info] > git for-each-ref --sort -committerdate --format %(refname)%00%(objectname)%00%(*objectname) [3ms]
2025-06-12 01:46:01.859 [info] > git check-ignore -v -z --stdin [2ms]
2025-06-12 01:46:56.523 [info] > git config --get commit.template [5ms]
2025-06-12 01:46:56.541 [info] > git for-each-ref --format=%(refname)%00%(upstream:short)%00%(objectname)%00%(upstream:track)%00%(upstream:remotename)%00%(upstream:remoteref) refs/heads/main refs/remotes/main [3ms]
2025-06-12 01:46:56.566 [info] > git status -z -uall [14ms]
2025-06-12 01:46:56.567 [info] > git for-each-ref --sort -committerdate --format %(refname)%00%(objectname)%00%(*objectname) [3ms]
2025-06-12 01:47:00.462 [info] > git show --textconv :index.html [14ms]
2025-06-12 01:47:00.465 [info] > git ls-files --stage -- index.html [6ms]
2025-06-12 01:47:00.475 [info] > git cat-file -s 0c589eccd4d48e270e161a1ab91baee5e5f4b4bc [3ms]
2025-06-12 01:47:03.660 [info] > git blame --root --incremental 73d673b4834c9bccb38249d11614699a84d92e6b -- index.html [2ms]
2025-06-12 01:47:21.891 [info] > git config --get commit.template [13ms]
2025-06-12 01:47:21.893 [info] > git for-each-ref --format=%(refname)%00%(upstream:short)%00%(objectname)%00%(upstream:track)%00%(upstream:remotename)%00%(upstream:remoteref) refs/heads/main refs/remotes/main [4ms]
2025-06-12 01:47:21.955 [info] > git status -z -uall [33ms]
2025-06-12 01:47:21.962 [info] > git for-each-ref --sort -committerdate --format %(refname)%00%(objectname)%00%(*objectname) [10ms]
2025-06-12 01:47:36.289 [info] > git show --textconv :package-lock.json [17ms]
2025-06-12 01:47:36.291 [info] > git ls-files --stage -- package-lock.json [4ms]
2025-06-12 01:47:36.342 [info] > git cat-file -s fc59e415219cb1e49351542d0d6dd195fe4042bb [37ms]
2025-06-12 01:47:48.295 [info] > git ls-files --stage -- package.json [6ms]
2025-06-12 01:47:48.319 [info] > git show --textconv :package.json [36ms]
2025-06-12 01:47:48.323 [info] > git cat-file -s e8aeb0fbea4b929839cfa5fba594c1e7ced6dd59 [7ms]
2025-06-12 01:47:49.856 [info] > git show --textconv :README.md [18ms]
2025-06-12 01:47:49.904 [info] > git ls-files --stage -- README.md [50ms]
2025-06-12 01:47:49.937 [info] > git cat-file -s 7059a962adb0138b65dd10e0aee66ccfe984b8c6 [16ms]
2025-06-12 01:47:52.974 [info] > git show --textconv :vite.config.js [21ms]
2025-06-12 01:47:52.980 [info] > git ls-files --stage -- vite.config.js [8ms]
2025-06-12 01:47:53.002 [info] > git cat-file -s 8b0f57b91aeb45c54467e29f983a0893dc83c4d9 [6ms]
2025-06-12 01:47:57.106 [info] > git show --textconv :eslint.config.js [24ms]
2025-06-12 01:47:57.115 [info] > git ls-files --stage -- eslint.config.js [12ms]
2025-06-12 01:47:57.140 [info] > git cat-file -s ec2b712d301e7ddeca8327fc4b967069cc82047b [6ms]
2025-06-12 01:47:58.471 [info] > git ls-files --stage -- .gitignore [1ms]
2025-06-12 01:47:58.479 [info] > git show --textconv :.gitignore [17ms]
2025-06-12 01:47:58.480 [info] > git cat-file -s a547bf36d8d11a4f89c59c144f24795749086dd1 [2ms]
2025-06-12 01:48:00.307 [info] > git show --textconv :eslint.config.js [19ms]
2025-06-12 01:48:00.311 [info] > git ls-files --stage -- eslint.config.js [8ms]
2025-06-12 01:48:00.326 [info] > git cat-file -s ec2b712d301e7ddeca8327fc4b967069cc82047b [5ms]
2025-06-12 01:48:04.012 [info] > git show --textconv :index.html [14ms]
2025-06-12 01:48:04.013 [info] > git ls-files --stage -- index.html [2ms]
2025-06-12 01:48:04.021 [info] > git cat-file -s 0c589eccd4d48e270e161a1ab91baee5e5f4b4bc [2ms]
2025-06-12 01:48:12.342 [info] > git check-ignore -v -z --stdin [5ms]
2025-06-12 01:48:17.213 [info] > git check-ignore -v -z --stdin [2ms]
2025-06-12 01:48:20.954 [info] > git show --textconv :src/App.css [37ms]
2025-06-12 01:48:20.954 [info] > git ls-files --stage -- src/App.css [29ms]
2025-06-12 01:48:20.963 [info] > git cat-file -s b9d355df2a5956b526c004531b7b0ffe412461e0 [2ms]
2025-06-12 01:48:23.728 [info] > git show --textconv :src/App.jsx [18ms]
2025-06-12 01:48:23.732 [info] > git ls-files --stage -- src/App.jsx [7ms]
2025-06-12 01:48:23.759 [info] > git cat-file -s f67355ae04c4000eef464262481f6b02daa50789 [4ms]
2025-06-12 01:48:28.717 [info] > git show --textconv :src/main.jsx [23ms]
2025-06-12 01:48:28.720 [info] > git ls-files --stage -- src/main.jsx [5ms]
2025-06-12 01:48:28.744 [info] > git cat-file -s b9a1a6deac8775b5598874b2bc3c7971d82cf211 [6ms]
2025-06-12 01:48:34.041 [info] > git show --textconv :src/index.css [18ms]
2025-06-12 01:48:34.044 [info] > git ls-files --stage -- src/index.css [4ms]
2025-06-12 01:48:34.057 [info] > git cat-file -s 08a3ac9e1e5c44ce374f782d7c4fa3aa70e4c1ff [3ms]
2025-06-12 01:48:35.325 [info] > git show --textconv :src/App.jsx [11ms]
2025-06-12 01:48:35.327 [info] > git ls-files --stage -- src/App.jsx [2ms]
2025-06-12 01:48:35.338 [info] > git cat-file -s f67355ae04c4000eef464262481f6b02daa50789 [3ms]
2025-06-12 01:48:39.696 [info] > git show --textconv :src/App.css [11ms]
2025-06-12 01:48:39.698 [info] > git ls-files --stage -- src/App.css [3ms]
2025-06-12 01:48:39.706 [info] > git cat-file -s b9d355df2a5956b526c004531b7b0ffe412461e0 [2ms]
2025-06-12 01:48:42.766 [info] > git show --textconv :index.html [13ms]
2025-06-12 01:48:42.768 [info] > git ls-files --stage -- index.html [3ms]
2025-06-12 01:48:42.780 [info] > git cat-file -s 0c589eccd4d48e270e161a1ab91baee5e5f4b4bc [2ms]
2025-06-12 01:48:45.443 [info] > git show --textconv :src/App.css [13ms]
2025-06-12 01:48:45.445 [info] > git ls-files --stage -- src/App.css [3ms]
2025-06-12 01:48:45.454 [info] > git cat-file -s b9d355df2a5956b526c004531b7b0ffe412461e0 [1ms]
2025-06-12 01:48:48.343 [info] > git show --textconv :src/App.jsx [14ms]
2025-06-12 01:48:48.345 [info] > git ls-files --stage -- src/App.jsx [3ms]
2025-06-12 01:48:48.357 [info] > git cat-file -s f67355ae04c4000eef464262481f6b02daa50789 [3ms]
2025-06-12 01:48:49.227 [info] > git show --textconv :src/index.css [13ms]
2025-06-12 01:48:49.229 [info] > git ls-files --stage -- src/index.css [3ms]
2025-06-12 01:48:49.241 [info] > git cat-file -s 08a3ac9e1e5c44ce374f782d7c4fa3aa70e4c1ff [3ms]
2025-06-12 01:48:51.369 [info] > git show --textconv :src/App.css [15ms]
2025-06-12 01:48:51.371 [info] > git ls-files --stage -- src/App.css [3ms]
2025-06-12 01:48:51.381 [info] > git cat-file -s b9d355df2a5956b526c004531b7b0ffe412461e0 [2ms]
2025-06-12 01:48:53.983 [info] > git show --textconv :src/App.jsx [23ms]
2025-06-12 01:48:53.986 [info] > git ls-files --stage -- src/App.jsx [4ms]
2025-06-12 01:48:53.997 [info] > git cat-file -s f67355ae04c4000eef464262481f6b02daa50789 [2ms]
2025-06-12 01:48:57.361 [info] > git blame --root --incremental 73d673b4834c9bccb38249d11614699a84d92e6b -- src/App.jsx [10ms]
2025-06-12 01:49:06.184 [info] > git show --textconv :src/index.css [18ms]
2025-06-12 01:49:06.187 [info] > git ls-files --stage -- src/index.css [3ms]
2025-06-12 01:49:06.201 [info] > git cat-file -s 08a3ac9e1e5c44ce374f782d7c4fa3aa70e4c1ff [3ms]
2025-06-12 01:49:08.643 [info] > git show --textconv :src/main.jsx [13ms]
2025-06-12 01:49:08.644 [info] > git ls-files --stage -- src/main.jsx [2ms]
2025-06-12 01:49:08.655 [info] > git cat-file -s b9a1a6deac8775b5598874b2bc3c7971d82cf211 [3ms]
2025-06-12 01:49:14.528 [info] > git show --textconv :src/App.css [26ms]
2025-06-12 01:49:14.531 [info] > git ls-files --stage -- src/App.css [7ms]
2025-06-12 01:49:14.545 [info] > git cat-file -s b9d355df2a5956b526c004531b7b0ffe412461e0 [3ms]
2025-06-12 01:53:10.661 [info] > git check-ignore -v -z --stdin [5ms]
2025-06-12 01:53:16.518 [info] > git show --textconv :src/App.css [21ms]
2025-06-12 01:53:16.526 [info] > git ls-files --stage -- src/App.css [9ms]
2025-06-12 01:53:16.543 [info] > git cat-file -s b9d355df2a5956b526c004531b7b0ffe412461e0 [7ms]
2025-06-12 01:53:17.333 [info] > git config --get commit.template [28ms]
2025-06-12 01:53:17.336 [info] > git for-each-ref --format=%(refname)%00%(upstream:short)%00%(objectname)%00%(upstream:track)%00%(upstream:remotename)%00%(upstream:remoteref) refs/heads/main refs/remotes/main [6ms]
2025-06-12 01:53:17.401 [info] > git status -z -uall [31ms]
2025-06-12 01:53:17.410 [info] > git for-each-ref --sort -committerdate --format %(refname)%00%(objectname)%00%(*objectname) [12ms]
2025-06-12 01:55:35.212 [info] > git show --textconv :src/main.jsx [15ms]
2025-06-12 01:55:35.213 [info] > git ls-files --stage -- src/main.jsx [3ms]
2025-06-12 01:55:35.226 [info] > git cat-file -s b9a1a6deac8775b5598874b2bc3c7971d82cf211 [2ms]
2025-06-12 01:55:36.070 [info] > git config --get commit.template [4ms]
2025-06-12 01:55:36.084 [info] > git for-each-ref --format=%(refname)%00%(upstream:short)%00%(objectname)%00%(upstream:track)%00%(upstream:remotename)%00%(upstream:remoteref) refs/heads/main refs/remotes/main [3ms]
2025-06-12 01:55:36.104 [info] > git status -z -uall [9ms]
2025-06-12 01:55:36.106 [info] > git for-each-ref --sort -committerdate --format %(refname)%00%(objectname)%00%(*objectname) [3ms]
2025-06-12 01:55:36.740 [info] > git show --textconv :src/App.jsx [26ms]
2025-06-12 01:55:36.743 [info] > git ls-files --stage -- src/App.jsx [5ms]
2025-06-12 01:55:36.763 [info] > git cat-file -s f67355ae04c4000eef464262481f6b02daa50789 [2ms]
2025-06-12 01:56:11.375 [info] > git config --get commit.template [2ms]
2025-06-12 01:56:11.382 [info] > git for-each-ref --format=%(refname)%00%(upstream:short)%00%(objectname)%00%(upstream:track)%00%(upstream:remotename)%00%(upstream:remoteref) refs/heads/main refs/remotes/main [1ms]
2025-06-12 01:56:11.397 [info] > git status -z -uall [8ms]
2025-06-12 01:56:11.398 [info] > git for-each-ref --sort -committerdate --format %(refname)%00%(objectname)%00%(*objectname) [2ms]
2025-06-12 01:56:24.564 [info] > git config --get commit.template [21ms]
2025-06-12 01:56:24.566 [info] > git for-each-ref --format=%(refname)%00%(upstream:short)%00%(objectname)%00%(upstream:track)%00%(upstream:remotename)%00%(upstream:remoteref) refs/heads/main refs/remotes/main [4ms]
2025-06-12 01:56:24.604 [info] > git status -z -uall [27ms]
2025-06-12 01:56:24.606 [info] > git for-each-ref --sort -committerdate --format %(refname)%00%(objectname)%00%(*objectname) [4ms]
2025-06-12 01:56:42.935 [info] > git for-each-ref --format=%(refname)%00%(upstream:short)%00%(objectname)%00%(upstream:track)%00%(upstream:remotename)%00%(upstream:remoteref) refs/heads/main refs/remotes/main [4ms]
2025-06-12 01:56:42.936 [info] > git config --get commit.template [16ms]
2025-06-12 01:56:42.983 [info] > git status -z -uall [26ms]
2025-06-12 01:56:42.987 [info] > git for-each-ref --sort -committerdate --format %(refname)%00%(objectname)%00%(*objectname) [9ms]
