2025-06-13 11:34:14.237 [info] [main] Log level: Info
2025-06-13 11:34:14.237 [info] [main] Validating found git in: "git"
2025-06-13 11:34:14.237 [info] [main] Using git "2.49.0" from "git"
2025-06-13 11:34:14.237 [info] [Model][doInitialScan] Initial repository scan started
2025-06-13 11:34:14.237 [info] > git rev-parse --show-toplevel [165ms]
2025-06-13 11:34:14.381 [info] > git rev-parse --git-dir --git-common-dir [152ms]
2025-06-13 11:34:14.421 [info] [Model][openRepository] Opened repository (path): /home/movved/Documents/projex/pomodoro_react/pomodoro
2025-06-13 11:34:14.421 [info] [Model][openRepository] Opened repository (real path): /home/movved/Documents/projex/pomodoro_react/pomodoro
2025-06-13 11:34:14.467 [info] > git rev-parse --show-toplevel [5ms]
2025-06-13 11:34:14.472 [info] > git config --get commit.template [17ms]
2025-06-13 11:34:14.528 [info] > git rev-parse --show-toplevel [34ms]
2025-06-13 11:34:14.554 [info] > git for-each-ref --format=%(refname)%00%(upstream:short)%00%(objectname)%00%(upstream:track)%00%(upstream:remotename)%00%(upstream:remoteref) refs/heads/main refs/remotes/main [43ms]
2025-06-13 11:34:14.579 [info] > git rev-parse --show-toplevel [34ms]
2025-06-13 11:34:14.583 [info] [Model][doInitialScan] Initial repository scan completed - repositories (1), closed repositories (0), parent repositories (0), unsafe repositories (0)
2025-06-13 11:34:14.677 [info] > git status -z -uall [28ms]
2025-06-13 11:34:14.683 [info] > git for-each-ref --sort -committerdate --format %(refname)%00%(objectname)%00%(*objectname) [15ms]
2025-06-13 11:34:14.796 [info] > git for-each-ref --format=%(refname)%00%(upstream:short)%00%(objectname)%00%(upstream:track)%00%(upstream:remotename)%00%(upstream:remoteref) refs/heads/main refs/remotes/main [30ms]
2025-06-13 11:34:14.846 [info] > git config --get --local branch.main.vscode-merge-base [28ms]
2025-06-13 11:34:14.847 [warning] [Git][config] git config failed: Failed to execute git
2025-06-13 11:34:14.871 [info] > git config --get commit.template [77ms]
2025-06-13 11:34:14.930 [info] > git reflog main --grep-reflog=branch: Created from *. [62ms]
2025-06-13 11:34:14.954 [info] > git for-each-ref --format=%(refname)%00%(upstream:short)%00%(objectname)%00%(upstream:track)%00%(upstream:remotename)%00%(upstream:remoteref) refs/heads/main refs/remotes/main [62ms]
2025-06-13 11:34:14.979 [info] > git symbolic-ref --short refs/remotes/origin/HEAD [33ms]
2025-06-13 11:34:14.979 [info] fatal: ref refs/remotes/origin/HEAD is not a symbolic ref
2025-06-13 11:34:14.979 [warning] [Repository][getDefaultBranch] Failed to get default branch details: Failed to execute git.
2025-06-13 11:34:14.999 [info] > git merge-base refs/heads/main refs/remotes/origin/main [3ms]
2025-06-13 11:34:15.048 [info] > git status -z -uall [14ms]
2025-06-13 11:34:15.048 [info] > git diff --name-status -z --diff-filter=ADMR 73d673b4834c9bccb38249d11614699a84d92e6b...refs/remotes/origin/main [32ms]
2025-06-13 11:34:15.055 [info] > git for-each-ref --sort -committerdate --format %(refname)%00%(objectname)%00%(*objectname) [8ms]
2025-06-13 11:34:15.106 [info] > git check-ignore -v -z --stdin [21ms]
2025-06-13 11:34:24.847 [info] > git show --textconv :src/App.jsx [10ms]
2025-06-13 11:34:24.849 [info] > git ls-files --stage -- src/App.jsx [2ms]
2025-06-13 11:34:24.859 [info] > git cat-file -s f67355ae04c4000eef464262481f6b02daa50789 [2ms]
2025-06-13 11:34:24.901 [info] > git blame --root --incremental 73d673b4834c9bccb38249d11614699a84d92e6b -- src/App.jsx [3ms]
2025-06-13 11:34:59.143 [info] > git config --get commit.template [20ms]
2025-06-13 11:34:59.145 [info] > git for-each-ref --format=%(refname)%00%(upstream:short)%00%(objectname)%00%(upstream:track)%00%(upstream:remotename)%00%(upstream:remoteref) refs/heads/main refs/remotes/main [5ms]
2025-06-13 11:34:59.174 [info] > git status -z -uall [13ms]
2025-06-13 11:34:59.176 [info] > git for-each-ref --sort -committerdate --format %(refname)%00%(objectname)%00%(*objectname) [3ms]
2025-06-13 11:35:23.482 [info] > git config --get commit.template [26ms]
2025-06-13 11:35:23.487 [info] > git for-each-ref --format=%(refname)%00%(upstream:short)%00%(objectname)%00%(upstream:track)%00%(upstream:remotename)%00%(upstream:remoteref) refs/heads/main refs/remotes/main [10ms]
2025-06-13 11:35:23.555 [info] > git status -z -uall [44ms]
2025-06-13 11:35:23.557 [info] > git for-each-ref --sort -committerdate --format %(refname)%00%(objectname)%00%(*objectname) [4ms]
2025-06-13 11:35:41.078 [info] > git config --get commit.template [22ms]
2025-06-13 11:35:41.081 [info] > git for-each-ref --format=%(refname)%00%(upstream:short)%00%(objectname)%00%(upstream:track)%00%(upstream:remotename)%00%(upstream:remoteref) refs/heads/main refs/remotes/main [5ms]
2025-06-13 11:35:41.120 [info] > git status -z -uall [25ms]
2025-06-13 11:35:41.121 [info] > git for-each-ref --sort -committerdate --format %(refname)%00%(objectname)%00%(*objectname) [3ms]
2025-06-13 11:35:49.102 [info] > git config --get commit.template [21ms]
2025-06-13 11:35:49.104 [info] > git for-each-ref --format=%(refname)%00%(upstream:short)%00%(objectname)%00%(upstream:track)%00%(upstream:remotename)%00%(upstream:remoteref) refs/heads/main refs/remotes/main [3ms]
2025-06-13 11:35:49.153 [info] > git status -z -uall [21ms]
2025-06-13 11:35:49.156 [info] > git for-each-ref --sort -committerdate --format %(refname)%00%(objectname)%00%(*objectname) [6ms]
2025-06-13 11:36:52.767 [info] > git config --get commit.template [38ms]
2025-06-13 11:36:52.774 [info] > git for-each-ref --format=%(refname)%00%(upstream:short)%00%(objectname)%00%(upstream:track)%00%(upstream:remotename)%00%(upstream:remoteref) refs/heads/main refs/remotes/main [12ms]
2025-06-13 11:36:52.829 [info] > git status -z -uall [26ms]
2025-06-13 11:36:52.836 [info] > git for-each-ref --sort -committerdate --format %(refname)%00%(objectname)%00%(*objectname) [11ms]
2025-06-13 11:39:11.886 [info] > git show --textconv :src/App.jsx [11ms]
2025-06-13 11:39:11.888 [info] > git ls-files --stage -- src/App.jsx [3ms]
2025-06-13 11:39:11.901 [info] > git cat-file -s f67355ae04c4000eef464262481f6b02daa50789 [5ms]
2025-06-13 11:39:19.372 [info] > git config --get commit.template [20ms]
2025-06-13 11:39:19.374 [info] > git for-each-ref --format=%(refname)%00%(upstream:short)%00%(objectname)%00%(upstream:track)%00%(upstream:remotename)%00%(upstream:remoteref) refs/heads/main refs/remotes/main [6ms]
2025-06-13 11:39:19.441 [info] > git status -z -uall [37ms]
2025-06-13 11:39:19.453 [info] > git for-each-ref --sort -committerdate --format %(refname)%00%(objectname)%00%(*objectname) [20ms]
2025-06-13 11:41:13.763 [info] > git config --get commit.template [20ms]
2025-06-13 11:41:13.767 [info] > git for-each-ref --format=%(refname)%00%(upstream:short)%00%(objectname)%00%(upstream:track)%00%(upstream:remotename)%00%(upstream:remoteref) refs/heads/main refs/remotes/main [6ms]
2025-06-13 11:41:13.810 [info] > git status -z -uall [32ms]
2025-06-13 11:41:13.811 [info] > git for-each-ref --sort -committerdate --format %(refname)%00%(objectname)%00%(*objectname) [6ms]
2025-06-13 11:41:38.936 [info] > git config --get commit.template [30ms]
2025-06-13 11:41:38.938 [info] > git for-each-ref --format=%(refname)%00%(upstream:short)%00%(objectname)%00%(upstream:track)%00%(upstream:remotename)%00%(upstream:remoteref) refs/heads/main refs/remotes/main [6ms]
2025-06-13 11:41:39.004 [info] > git status -z -uall [20ms]
2025-06-13 11:41:39.006 [info] > git for-each-ref --sort -committerdate --format %(refname)%00%(objectname)%00%(*objectname) [5ms]
2025-06-13 11:41:54.085 [info] > git config --get commit.template [17ms]
2025-06-13 11:41:54.087 [info] > git for-each-ref --format=%(refname)%00%(upstream:short)%00%(objectname)%00%(upstream:track)%00%(upstream:remotename)%00%(upstream:remoteref) refs/heads/main refs/remotes/main [2ms]
2025-06-13 11:41:54.107 [info] > git status -z -uall [9ms]
2025-06-13 11:41:54.109 [info] > git for-each-ref --sort -committerdate --format %(refname)%00%(objectname)%00%(*objectname) [3ms]
2025-06-13 11:43:28.808 [info] > git config --get commit.template [28ms]
2025-06-13 11:43:28.810 [info] > git for-each-ref --format=%(refname)%00%(upstream:short)%00%(objectname)%00%(upstream:track)%00%(upstream:remotename)%00%(upstream:remoteref) refs/heads/main refs/remotes/main [6ms]
2025-06-13 11:43:28.877 [info] > git status -z -uall [36ms]
2025-06-13 11:43:28.880 [info] > git for-each-ref --sort -committerdate --format %(refname)%00%(objectname)%00%(*objectname) [8ms]
2025-06-13 11:43:32.343 [info] > git ls-files --stage -- src/index.css [2ms]
2025-06-13 11:43:32.351 [info] > git show --textconv :src/index.css [17ms]
2025-06-13 11:43:32.352 [info] > git cat-file -s 08a3ac9e1e5c44ce374f782d7c4fa3aa70e4c1ff [2ms]
2025-06-13 11:43:34.661 [info] > git show --textconv :src/App.jsx [13ms]
2025-06-13 11:43:34.664 [info] > git ls-files --stage -- src/App.jsx [4ms]
2025-06-13 11:43:34.676 [info] > git cat-file -s f67355ae04c4000eef464262481f6b02daa50789 [2ms]
2025-06-13 11:43:47.303 [info] > git config --get commit.template [30ms]
2025-06-13 11:43:47.306 [info] > git for-each-ref --format=%(refname)%00%(upstream:short)%00%(objectname)%00%(upstream:track)%00%(upstream:remotename)%00%(upstream:remoteref) refs/heads/main refs/remotes/main [6ms]
2025-06-13 11:43:47.355 [info] > git status -z -uall [23ms]
2025-06-13 11:43:47.360 [info] > git for-each-ref --sort -committerdate --format %(refname)%00%(objectname)%00%(*objectname) [9ms]
2025-06-13 11:44:08.217 [info] > git config --get commit.template [5ms]
2025-06-13 11:44:08.242 [info] > git for-each-ref --format=%(refname)%00%(upstream:short)%00%(objectname)%00%(upstream:track)%00%(upstream:remotename)%00%(upstream:remoteref) refs/heads/main refs/remotes/main [6ms]
2025-06-13 11:44:08.272 [info] > git status -z -uall [14ms]
2025-06-13 11:44:08.273 [info] > git for-each-ref --sort -committerdate --format %(refname)%00%(objectname)%00%(*objectname) [3ms]
2025-06-13 11:44:16.903 [info] > git config --get commit.template [10ms]
2025-06-13 11:44:16.904 [info] > git for-each-ref --format=%(refname)%00%(upstream:short)%00%(objectname)%00%(upstream:track)%00%(upstream:remotename)%00%(upstream:remoteref) refs/heads/main refs/remotes/main [2ms]
2025-06-13 11:44:16.938 [info] > git status -z -uall [14ms]
2025-06-13 11:44:16.944 [info] > git for-each-ref --sort -committerdate --format %(refname)%00%(objectname)%00%(*objectname) [7ms]
2025-06-13 11:44:43.889 [info] > git config --get commit.template [24ms]
2025-06-13 11:44:43.893 [info] > git for-each-ref --format=%(refname)%00%(upstream:short)%00%(objectname)%00%(upstream:track)%00%(upstream:remotename)%00%(upstream:remoteref) refs/heads/main refs/remotes/main [7ms]
2025-06-13 11:44:43.930 [info] > git status -z -uall [15ms]
2025-06-13 11:44:43.932 [info] > git for-each-ref --sort -committerdate --format %(refname)%00%(objectname)%00%(*objectname) [3ms]
2025-06-13 11:44:47.748 [info] > git show --textconv :src/index.css [8ms]
2025-06-13 11:44:47.749 [info] > git ls-files --stage -- src/index.css [2ms]
2025-06-13 11:44:47.757 [info] > git cat-file -s 08a3ac9e1e5c44ce374f782d7c4fa3aa70e4c1ff [2ms]
2025-06-13 11:47:00.649 [info] > git show --textconv :src/App.jsx [15ms]
2025-06-13 11:47:00.651 [info] > git ls-files --stage -- src/App.jsx [3ms]
2025-06-13 11:47:00.666 [info] > git cat-file -s f67355ae04c4000eef464262481f6b02daa50789 [3ms]
2025-06-13 11:47:07.989 [info] > git config --get commit.template [21ms]
2025-06-13 11:47:07.991 [info] > git for-each-ref --format=%(refname)%00%(upstream:short)%00%(objectname)%00%(upstream:track)%00%(upstream:remotename)%00%(upstream:remoteref) refs/heads/main refs/remotes/main [3ms]
2025-06-13 11:47:08.026 [info] > git status -z -uall [22ms]
2025-06-13 11:47:08.028 [info] > git for-each-ref --sort -committerdate --format %(refname)%00%(objectname)%00%(*objectname) [4ms]
2025-06-13 11:47:46.661 [info] > git config --get commit.template [27ms]
2025-06-13 11:47:46.665 [info] > git for-each-ref --format=%(refname)%00%(upstream:short)%00%(objectname)%00%(upstream:track)%00%(upstream:remotename)%00%(upstream:remoteref) refs/heads/main refs/remotes/main [7ms]
2025-06-13 11:47:46.706 [info] > git status -z -uall [21ms]
2025-06-13 11:47:46.710 [info] > git for-each-ref --sort -committerdate --format %(refname)%00%(objectname)%00%(*objectname) [7ms]
2025-06-13 11:49:11.242 [info] > git config --get commit.template [50ms]
2025-06-13 11:49:11.246 [info] > git for-each-ref --format=%(refname)%00%(upstream:short)%00%(objectname)%00%(upstream:track)%00%(upstream:remotename)%00%(upstream:remoteref) refs/heads/main refs/remotes/main [11ms]
2025-06-13 11:49:11.312 [info] > git status -z -uall [37ms]
2025-06-13 11:49:11.314 [info] > git for-each-ref --sort -committerdate --format %(refname)%00%(objectname)%00%(*objectname) [6ms]
2025-06-13 11:49:23.164 [info] > git config --get commit.template [2ms]
2025-06-13 11:49:23.186 [info] > git for-each-ref --format=%(refname)%00%(upstream:short)%00%(objectname)%00%(upstream:track)%00%(upstream:remotename)%00%(upstream:remoteref) refs/heads/main refs/remotes/main [4ms]
2025-06-13 11:49:23.228 [info] > git status -z -uall [31ms]
2025-06-13 11:49:23.233 [info] > git for-each-ref --sort -committerdate --format %(refname)%00%(objectname)%00%(*objectname) [11ms]
2025-06-13 11:49:49.538 [info] > git config --get commit.template [39ms]
2025-06-13 11:49:49.543 [info] > git for-each-ref --format=%(refname)%00%(upstream:short)%00%(objectname)%00%(upstream:track)%00%(upstream:remotename)%00%(upstream:remoteref) refs/heads/main refs/remotes/main [14ms]
2025-06-13 11:49:49.595 [info] > git status -z -uall [19ms]
2025-06-13 11:49:49.600 [info] > git for-each-ref --sort -committerdate --format %(refname)%00%(objectname)%00%(*objectname) [7ms]
2025-06-13 11:49:55.785 [info] > git config --get commit.template [17ms]
2025-06-13 11:49:55.787 [info] > git for-each-ref --format=%(refname)%00%(upstream:short)%00%(objectname)%00%(upstream:track)%00%(upstream:remotename)%00%(upstream:remoteref) refs/heads/main refs/remotes/main [3ms]
2025-06-13 11:49:55.840 [info] > git status -z -uall [36ms]
2025-06-13 11:49:55.843 [info] > git for-each-ref --sort -committerdate --format %(refname)%00%(objectname)%00%(*objectname) [5ms]
2025-06-13 11:50:00.885 [info] > git config --get commit.template [14ms]
2025-06-13 11:50:00.887 [info] > git for-each-ref --format=%(refname)%00%(upstream:short)%00%(objectname)%00%(upstream:track)%00%(upstream:remotename)%00%(upstream:remoteref) refs/heads/main refs/remotes/main [3ms]
2025-06-13 11:50:00.915 [info] > git status -z -uall [15ms]
2025-06-13 11:50:00.917 [info] > git for-each-ref --sort -committerdate --format %(refname)%00%(objectname)%00%(*objectname) [4ms]
2025-06-13 11:50:22.162 [info] > git config --get commit.template [19ms]
2025-06-13 11:50:22.167 [info] > git for-each-ref --format=%(refname)%00%(upstream:short)%00%(objectname)%00%(upstream:track)%00%(upstream:remotename)%00%(upstream:remoteref) refs/heads/main refs/remotes/main [7ms]
2025-06-13 11:50:22.227 [info] > git status -z -uall [38ms]
2025-06-13 11:50:22.235 [info] > git for-each-ref --sort -committerdate --format %(refname)%00%(objectname)%00%(*objectname) [13ms]
2025-06-13 11:50:43.100 [info] > git config --get commit.template [20ms]
2025-06-13 11:50:43.101 [info] > git for-each-ref --format=%(refname)%00%(upstream:short)%00%(objectname)%00%(upstream:track)%00%(upstream:remotename)%00%(upstream:remoteref) refs/heads/main refs/remotes/main [3ms]
2025-06-13 11:50:43.137 [info] > git status -z -uall [16ms]
2025-06-13 11:50:43.141 [info] > git for-each-ref --sort -committerdate --format %(refname)%00%(objectname)%00%(*objectname) [5ms]
2025-06-13 11:52:54.438 [info] > git for-each-ref --format=%(refname)%00%(upstream:short)%00%(objectname)%00%(upstream:track)%00%(upstream:remotename)%00%(upstream:remoteref) refs/heads/main refs/remotes/main [9ms]
2025-06-13 11:52:54.440 [info] > git config --get commit.template [30ms]
2025-06-13 11:52:54.539 [info] > git status -z -uall [65ms]
2025-06-13 11:52:54.556 [info] > git for-each-ref --sort -committerdate --format %(refname)%00%(objectname)%00%(*objectname) [26ms]
2025-06-13 11:53:22.677 [info] > git config --get commit.template [19ms]
2025-06-13 11:53:22.680 [info] > git for-each-ref --format=%(refname)%00%(upstream:short)%00%(objectname)%00%(upstream:track)%00%(upstream:remotename)%00%(upstream:remoteref) refs/heads/main refs/remotes/main [5ms]
2025-06-13 11:53:22.743 [info] > git status -z -uall [38ms]
2025-06-13 11:53:22.745 [info] > git for-each-ref --sort -committerdate --format %(refname)%00%(objectname)%00%(*objectname) [5ms]
2025-06-13 11:53:29.281 [info] > git config --get commit.template [7ms]
2025-06-13 11:53:29.282 [info] > git for-each-ref --format=%(refname)%00%(upstream:short)%00%(objectname)%00%(upstream:track)%00%(upstream:remotename)%00%(upstream:remoteref) refs/heads/main refs/remotes/main [1ms]
2025-06-13 11:53:29.297 [info] > git status -z -uall [8ms]
2025-06-13 11:53:29.299 [info] > git for-each-ref --sort -committerdate --format %(refname)%00%(objectname)%00%(*objectname) [2ms]
2025-06-13 11:53:39.111 [info] > git config --get commit.template [22ms]
2025-06-13 11:53:39.112 [info] > git for-each-ref --format=%(refname)%00%(upstream:short)%00%(objectname)%00%(upstream:track)%00%(upstream:remotename)%00%(upstream:remoteref) refs/heads/main refs/remotes/main [6ms]
2025-06-13 11:53:39.139 [info] > git status -z -uall [14ms]
2025-06-13 11:53:39.141 [info] > git for-each-ref --sort -committerdate --format %(refname)%00%(objectname)%00%(*objectname) [10ms]
2025-06-13 11:53:45.226 [info] > git show --textconv :src/App.jsx [16ms]
2025-06-13 11:53:45.228 [info] > git ls-files --stage -- src/App.jsx [3ms]
2025-06-13 11:53:45.244 [info] > git cat-file -s f67355ae04c4000eef464262481f6b02daa50789 [3ms]
2025-06-13 11:53:57.142 [info] > git config --get commit.template [17ms]
2025-06-13 11:53:57.143 [info] > git for-each-ref --format=%(refname)%00%(upstream:short)%00%(objectname)%00%(upstream:track)%00%(upstream:remotename)%00%(upstream:remoteref) refs/heads/main refs/remotes/main [2ms]
2025-06-13 11:53:57.178 [info] > git status -z -uall [11ms]
2025-06-13 11:53:57.181 [info] > git for-each-ref --sort -committerdate --format %(refname)%00%(objectname)%00%(*objectname) [4ms]
2025-06-13 11:55:07.179 [info] > git config --get commit.template [18ms]
2025-06-13 11:55:07.181 [info] > git for-each-ref --format=%(refname)%00%(upstream:short)%00%(objectname)%00%(upstream:track)%00%(upstream:remotename)%00%(upstream:remoteref) refs/heads/main refs/remotes/main [2ms]
2025-06-13 11:55:07.216 [info] > git status -z -uall [18ms]
2025-06-13 11:55:07.218 [info] > git for-each-ref --sort -committerdate --format %(refname)%00%(objectname)%00%(*objectname) [3ms]
2025-06-13 11:55:40.632 [info] > git config --get commit.template [2ms]
2025-06-13 11:55:40.641 [info] > git for-each-ref --format=%(refname)%00%(upstream:short)%00%(objectname)%00%(upstream:track)%00%(upstream:remotename)%00%(upstream:remoteref) refs/heads/main refs/remotes/main [2ms]
2025-06-13 11:55:40.657 [info] > git status -z -uall [8ms]
2025-06-13 11:55:40.659 [info] > git for-each-ref --sort -committerdate --format %(refname)%00%(objectname)%00%(*objectname) [2ms]
2025-06-13 11:55:45.691 [info] > git config --get commit.template [6ms]
2025-06-13 11:55:45.709 [info] > git for-each-ref --format=%(refname)%00%(upstream:short)%00%(objectname)%00%(upstream:track)%00%(upstream:remotename)%00%(upstream:remoteref) refs/heads/main refs/remotes/main [3ms]
2025-06-13 11:55:45.735 [info] > git status -z -uall [13ms]
2025-06-13 11:55:45.738 [info] > git for-each-ref --sort -committerdate --format %(refname)%00%(objectname)%00%(*objectname) [4ms]
2025-06-13 11:55:50.760 [info] > git config --get commit.template [9ms]
2025-06-13 11:55:50.761 [info] > git for-each-ref --format=%(refname)%00%(upstream:short)%00%(objectname)%00%(upstream:track)%00%(upstream:remotename)%00%(upstream:remoteref) refs/heads/main refs/remotes/main [2ms]
2025-06-13 11:55:50.777 [info] > git status -z -uall [8ms]
2025-06-13 11:55:50.778 [info] > git for-each-ref --sort -committerdate --format %(refname)%00%(objectname)%00%(*objectname) [2ms]
2025-06-13 11:56:01.407 [info] > git config --get commit.template [24ms]
2025-06-13 11:56:01.409 [info] > git for-each-ref --format=%(refname)%00%(upstream:short)%00%(objectname)%00%(upstream:track)%00%(upstream:remotename)%00%(upstream:remoteref) refs/heads/main refs/remotes/main [6ms]
2025-06-13 11:56:01.472 [info] > git status -z -uall [31ms]
2025-06-13 11:56:01.479 [info] > git for-each-ref --sort -committerdate --format %(refname)%00%(objectname)%00%(*objectname) [9ms]
2025-06-13 11:56:12.515 [info] > git config --get commit.template [26ms]
2025-06-13 11:56:12.517 [info] > git for-each-ref --format=%(refname)%00%(upstream:short)%00%(objectname)%00%(upstream:track)%00%(upstream:remotename)%00%(upstream:remoteref) refs/heads/main refs/remotes/main [10ms]
2025-06-13 11:56:12.587 [info] > git status -z -uall [33ms]
2025-06-13 11:56:12.590 [info] > git for-each-ref --sort -committerdate --format %(refname)%00%(objectname)%00%(*objectname) [6ms]
2025-06-13 11:56:17.638 [info] > git config --get commit.template [21ms]
2025-06-13 11:56:17.641 [info] > git for-each-ref --format=%(refname)%00%(upstream:short)%00%(objectname)%00%(upstream:track)%00%(upstream:remotename)%00%(upstream:remoteref) refs/heads/main refs/remotes/main [6ms]
2025-06-13 11:56:17.671 [info] > git status -z -uall [14ms]
2025-06-13 11:56:17.673 [info] > git for-each-ref --sort -committerdate --format %(refname)%00%(objectname)%00%(*objectname) [3ms]
2025-06-13 11:56:22.699 [info] > git config --get commit.template [8ms]
2025-06-13 11:56:22.700 [info] > git for-each-ref --format=%(refname)%00%(upstream:short)%00%(objectname)%00%(upstream:track)%00%(upstream:remotename)%00%(upstream:remoteref) refs/heads/main refs/remotes/main [2ms]
2025-06-13 11:56:22.718 [info] > git status -z -uall [9ms]
2025-06-13 11:56:22.720 [info] > git for-each-ref --sort -committerdate --format %(refname)%00%(objectname)%00%(*objectname) [3ms]
2025-06-13 11:57:05.590 [info] > git config --get commit.template [19ms]
2025-06-13 11:57:05.594 [info] > git for-each-ref --format=%(refname)%00%(upstream:short)%00%(objectname)%00%(upstream:track)%00%(upstream:remotename)%00%(upstream:remoteref) refs/heads/main refs/remotes/main [6ms]
2025-06-13 11:57:05.634 [info] > git status -z -uall [27ms]
2025-06-13 11:57:05.636 [info] > git for-each-ref --sort -committerdate --format %(refname)%00%(objectname)%00%(*objectname) [3ms]
2025-06-13 11:57:38.257 [info] > git config --get commit.template [31ms]
2025-06-13 11:57:38.264 [info] > git for-each-ref --format=%(refname)%00%(upstream:short)%00%(objectname)%00%(upstream:track)%00%(upstream:remotename)%00%(upstream:remoteref) refs/heads/main refs/remotes/main [10ms]
2025-06-13 11:57:38.330 [info] > git status -z -uall [38ms]
2025-06-13 11:57:38.331 [info] > git for-each-ref --sort -committerdate --format %(refname)%00%(objectname)%00%(*objectname) [5ms]
2025-06-13 11:58:09.662 [info] > git config --get commit.template [28ms]
2025-06-13 11:58:09.670 [info] > git for-each-ref --format=%(refname)%00%(upstream:short)%00%(objectname)%00%(upstream:track)%00%(upstream:remotename)%00%(upstream:remoteref) refs/heads/main refs/remotes/main [12ms]
2025-06-13 11:58:09.741 [info] > git status -z -uall [28ms]
2025-06-13 11:58:09.745 [info] > git for-each-ref --sort -committerdate --format %(refname)%00%(objectname)%00%(*objectname) [8ms]
2025-06-13 12:01:49.183 [info] > git config --get commit.template [23ms]
2025-06-13 12:01:49.195 [info] > git for-each-ref --format=%(refname)%00%(upstream:short)%00%(objectname)%00%(upstream:track)%00%(upstream:remotename)%00%(upstream:remoteref) refs/heads/main refs/remotes/main [17ms]
2025-06-13 12:01:49.250 [info] > git status -z -uall [33ms]
2025-06-13 12:01:49.258 [info] > git for-each-ref --sort -committerdate --format %(refname)%00%(objectname)%00%(*objectname) [9ms]
2025-06-13 12:05:41.342 [info] > git config --get commit.template [11ms]
2025-06-13 12:05:41.352 [info] > git for-each-ref --format=%(refname)%00%(upstream:short)%00%(objectname)%00%(upstream:track)%00%(upstream:remotename)%00%(upstream:remoteref) refs/heads/main refs/remotes/main [11ms]
2025-06-13 12:05:41.373 [info] > git status -z -uall [10ms]
2025-06-13 12:05:41.374 [info] > git for-each-ref --sort -committerdate --format %(refname)%00%(objectname)%00%(*objectname) [2ms]
2025-06-13 12:06:13.187 [info] > git config --get commit.template [20ms]
2025-06-13 12:06:13.190 [info] > git for-each-ref --format=%(refname)%00%(upstream:short)%00%(objectname)%00%(upstream:track)%00%(upstream:remotename)%00%(upstream:remoteref) refs/heads/main refs/remotes/main [5ms]
2025-06-13 12:06:13.228 [info] > git status -z -uall [18ms]
2025-06-13 12:06:13.230 [info] > git for-each-ref --sort -committerdate --format %(refname)%00%(objectname)%00%(*objectname) [4ms]
2025-06-13 12:06:47.825 [info] > git show --textconv :src/Components/timer.jsx [25ms]
2025-06-13 12:06:47.841 [info] > git ls-files --stage -- src/Components/timer.jsx [18ms]
2025-06-13 12:06:47.856 [info] > git hash-object -t tree /dev/null [15ms]
2025-06-13 12:06:47.857 [warning] [GitFileSystemProvider][readFile] File not found - git:/home/movved/Documents/projex/pomodoro_react/pomodoro/src/Components/timer.jsx.git?%7B%22path%22%3A%22%2Fhome%2Fmovved%2FDocuments%2Fprojex%2Fpomodoro_react%2Fpomodoro%2Fsrc%2FComponents%2Ftimer.jsx%22%2C%22ref%22%3A%22%22%7D
2025-06-13 12:06:47.860 [info] > git hash-object -t tree /dev/null [5ms]
2025-06-13 12:06:47.860 [warning] [GitFileSystemProvider][stat] File not found - git:/home/movved/Documents/projex/pomodoro_react/pomodoro/src/Components/timer.jsx.git?%7B%22path%22%3A%22%2Fhome%2Fmovved%2FDocuments%2Fprojex%2Fpomodoro_react%2Fpomodoro%2Fsrc%2FComponents%2Ftimer.jsx%22%2C%22ref%22%3A%22%22%7D
2025-06-13 12:06:48.039 [info] > git check-ignore -v -z --stdin [5ms]
2025-06-13 12:06:48.661 [info] > git config --get commit.template [6ms]
2025-06-13 12:06:48.687 [info] > git for-each-ref --format=%(refname)%00%(upstream:short)%00%(objectname)%00%(upstream:track)%00%(upstream:remotename)%00%(upstream:remoteref) refs/heads/main refs/remotes/main [7ms]
2025-06-13 12:06:48.721 [info] > git status -z -uall [16ms]
2025-06-13 12:06:48.723 [info] > git for-each-ref --sort -committerdate --format %(refname)%00%(objectname)%00%(*objectname) [4ms]
2025-06-13 12:11:44.616 [info] > git config --get commit.template [10ms]
2025-06-13 12:11:44.625 [info] > git for-each-ref --format=%(refname)%00%(upstream:short)%00%(objectname)%00%(upstream:track)%00%(upstream:remotename)%00%(upstream:remoteref) refs/heads/main refs/remotes/main [10ms]
2025-06-13 12:11:44.646 [info] > git status -z -uall [11ms]
2025-06-13 12:11:44.648 [info] > git for-each-ref --sort -committerdate --format %(refname)%00%(objectname)%00%(*objectname) [3ms]
2025-06-13 12:14:15.074 [info] > git config --get commit.template [32ms]
2025-06-13 12:14:15.079 [info] > git for-each-ref --format=%(refname)%00%(upstream:short)%00%(objectname)%00%(upstream:track)%00%(upstream:remotename)%00%(upstream:remoteref) refs/heads/main refs/remotes/main [10ms]
2025-06-13 12:14:15.141 [info] > git status -z -uall [26ms]
2025-06-13 12:14:15.146 [info] > git for-each-ref --sort -committerdate --format %(refname)%00%(objectname)%00%(*objectname) [10ms]
2025-06-13 12:16:11.070 [info] > git config --get commit.template [17ms]
2025-06-13 12:16:11.075 [info] > git for-each-ref --format=%(refname)%00%(upstream:short)%00%(objectname)%00%(upstream:track)%00%(upstream:remotename)%00%(upstream:remoteref) refs/heads/main refs/remotes/main [10ms]
2025-06-13 12:16:11.136 [info] > git status -z -uall [28ms]
2025-06-13 12:16:11.142 [info] > git for-each-ref --sort -committerdate --format %(refname)%00%(objectname)%00%(*objectname) [10ms]
2025-06-13 12:16:16.204 [info] > git config --get commit.template [24ms]
2025-06-13 12:16:16.209 [info] > git for-each-ref --format=%(refname)%00%(upstream:short)%00%(objectname)%00%(upstream:track)%00%(upstream:remotename)%00%(upstream:remoteref) refs/heads/main refs/remotes/main [7ms]
2025-06-13 12:16:16.239 [info] > git status -z -uall [16ms]
2025-06-13 12:16:16.242 [info] > git for-each-ref --sort -committerdate --format %(refname)%00%(objectname)%00%(*objectname) [4ms]
2025-06-13 12:18:02.372 [info] > git config --get commit.template [25ms]
2025-06-13 12:18:02.374 [info] > git for-each-ref --format=%(refname)%00%(upstream:short)%00%(objectname)%00%(upstream:track)%00%(upstream:remotename)%00%(upstream:remoteref) refs/heads/main refs/remotes/main [4ms]
2025-06-13 12:18:02.430 [info] > git status -z -uall [29ms]
2025-06-13 12:18:02.440 [info] > git for-each-ref --sort -committerdate --format %(refname)%00%(objectname)%00%(*objectname) [12ms]
2025-06-13 12:18:09.427 [info] > git config --get commit.template [19ms]
2025-06-13 12:18:09.430 [info] > git for-each-ref --format=%(refname)%00%(upstream:short)%00%(objectname)%00%(upstream:track)%00%(upstream:remotename)%00%(upstream:remoteref) refs/heads/main refs/remotes/main [5ms]
2025-06-13 12:18:09.496 [info] > git status -z -uall [43ms]
2025-06-13 12:18:09.501 [info] > git for-each-ref --sort -committerdate --format %(refname)%00%(objectname)%00%(*objectname) [14ms]
2025-06-13 12:19:29.400 [info] > git config --get commit.template [14ms]
2025-06-13 12:19:29.405 [info] > git for-each-ref --format=%(refname)%00%(upstream:short)%00%(objectname)%00%(upstream:track)%00%(upstream:remotename)%00%(upstream:remoteref) refs/heads/main refs/remotes/main [6ms]
2025-06-13 12:19:29.453 [info] > git status -z -uall [29ms]
2025-06-13 12:19:29.455 [info] > git for-each-ref --sort -committerdate --format %(refname)%00%(objectname)%00%(*objectname) [5ms]
2025-06-13 12:19:47.730 [info] > git config --get commit.template [25ms]
2025-06-13 12:19:47.735 [info] > git for-each-ref --format=%(refname)%00%(upstream:short)%00%(objectname)%00%(upstream:track)%00%(upstream:remotename)%00%(upstream:remoteref) refs/heads/main refs/remotes/main [9ms]
2025-06-13 12:19:47.784 [info] > git status -z -uall [27ms]
2025-06-13 12:19:47.787 [info] > git for-each-ref --sort -committerdate --format %(refname)%00%(objectname)%00%(*objectname) [7ms]
2025-06-13 12:19:59.116 [info] > git config --get commit.template [12ms]
2025-06-13 12:19:59.118 [info] > git for-each-ref --format=%(refname)%00%(upstream:short)%00%(objectname)%00%(upstream:track)%00%(upstream:remotename)%00%(upstream:remoteref) refs/heads/main refs/remotes/main [2ms]
2025-06-13 12:19:59.144 [info] > git status -z -uall [13ms]
2025-06-13 12:19:59.145 [info] > git for-each-ref --sort -committerdate --format %(refname)%00%(objectname)%00%(*objectname) [2ms]
2025-06-13 12:20:14.527 [info] > git config --get commit.template [7ms]
2025-06-13 12:20:14.565 [info] > git for-each-ref --format=%(refname)%00%(upstream:short)%00%(objectname)%00%(upstream:track)%00%(upstream:remotename)%00%(upstream:remoteref) refs/heads/main refs/remotes/main [4ms]
2025-06-13 12:20:14.621 [info] > git status -z -uall [31ms]
2025-06-13 12:20:14.630 [info] > git for-each-ref --sort -committerdate --format %(refname)%00%(objectname)%00%(*objectname) [10ms]
2025-06-13 12:20:39.867 [info] > git config --get commit.template [21ms]
2025-06-13 12:20:39.871 [info] > git for-each-ref --format=%(refname)%00%(upstream:short)%00%(objectname)%00%(upstream:track)%00%(upstream:remotename)%00%(upstream:remoteref) refs/heads/main refs/remotes/main [6ms]
2025-06-13 12:20:39.925 [info] > git status -z -uall [26ms]
2025-06-13 12:20:39.929 [info] > git for-each-ref --sort -committerdate --format %(refname)%00%(objectname)%00%(*objectname) [5ms]
2025-06-13 12:20:53.911 [info] > git config --get commit.template [20ms]
2025-06-13 12:20:53.913 [info] > git for-each-ref --format=%(refname)%00%(upstream:short)%00%(objectname)%00%(upstream:track)%00%(upstream:remotename)%00%(upstream:remoteref) refs/heads/main refs/remotes/main [4ms]
2025-06-13 12:20:53.961 [info] > git status -z -uall [33ms]
2025-06-13 12:20:53.969 [info] > git for-each-ref --sort -committerdate --format %(refname)%00%(objectname)%00%(*objectname) [14ms]
2025-06-13 12:21:08.260 [info] > git config --get commit.template [4ms]
2025-06-13 12:21:08.298 [info] > git for-each-ref --format=%(refname)%00%(upstream:short)%00%(objectname)%00%(upstream:track)%00%(upstream:remotename)%00%(upstream:remoteref) refs/heads/main refs/remotes/main [10ms]
2025-06-13 12:21:08.352 [info] > git status -z -uall [34ms]
2025-06-13 12:21:08.357 [info] > git for-each-ref --sort -committerdate --format %(refname)%00%(objectname)%00%(*objectname) [6ms]
2025-06-13 12:21:14.562 [info] > git config --get commit.template [41ms]
2025-06-13 12:21:14.565 [info] > git for-each-ref --format=%(refname)%00%(upstream:short)%00%(objectname)%00%(upstream:track)%00%(upstream:remotename)%00%(upstream:remoteref) refs/heads/main refs/remotes/main [7ms]
2025-06-13 12:21:14.634 [info] > git status -z -uall [38ms]
2025-06-13 12:21:14.637 [info] > git for-each-ref --sort -committerdate --format %(refname)%00%(objectname)%00%(*objectname) [12ms]
2025-06-13 12:21:19.661 [info] > git config --get commit.template [9ms]
2025-06-13 12:21:19.662 [info] > git for-each-ref --format=%(refname)%00%(upstream:short)%00%(objectname)%00%(upstream:track)%00%(upstream:remotename)%00%(upstream:remoteref) refs/heads/main refs/remotes/main [3ms]
2025-06-13 12:21:19.683 [info] > git status -z -uall [13ms]
2025-06-13 12:21:19.684 [info] > git for-each-ref --sort -committerdate --format %(refname)%00%(objectname)%00%(*objectname) [2ms]
2025-06-13 12:21:29.332 [info] > git config --get commit.template [19ms]
2025-06-13 12:21:29.336 [info] > git for-each-ref --format=%(refname)%00%(upstream:short)%00%(objectname)%00%(upstream:track)%00%(upstream:remotename)%00%(upstream:remoteref) refs/heads/main refs/remotes/main [7ms]
2025-06-13 12:21:29.402 [info] > git status -z -uall [28ms]
2025-06-13 12:21:29.404 [info] > git for-each-ref --sort -committerdate --format %(refname)%00%(objectname)%00%(*objectname) [5ms]
2025-06-13 12:21:39.543 [info] > git config --get commit.template [28ms]
2025-06-13 12:21:39.548 [info] > git for-each-ref --format=%(refname)%00%(upstream:short)%00%(objectname)%00%(upstream:track)%00%(upstream:remotename)%00%(upstream:remoteref) refs/heads/main refs/remotes/main [6ms]
2025-06-13 12:21:39.610 [info] > git status -z -uall [28ms]
2025-06-13 12:21:39.618 [info] > git for-each-ref --sort -committerdate --format %(refname)%00%(objectname)%00%(*objectname) [9ms]
2025-06-13 12:24:08.284 [info] > git config --get commit.template [17ms]
2025-06-13 12:24:08.286 [info] > git for-each-ref --format=%(refname)%00%(upstream:short)%00%(objectname)%00%(upstream:track)%00%(upstream:remotename)%00%(upstream:remoteref) refs/heads/main refs/remotes/main [4ms]
2025-06-13 12:24:08.344 [info] > git status -z -uall [33ms]
2025-06-13 12:24:08.351 [info] > git for-each-ref --sort -committerdate --format %(refname)%00%(objectname)%00%(*objectname) [11ms]
2025-06-13 12:24:25.819 [info] > git config --get commit.template [11ms]
2025-06-13 12:24:25.820 [info] > git for-each-ref --format=%(refname)%00%(upstream:short)%00%(objectname)%00%(upstream:track)%00%(upstream:remotename)%00%(upstream:remoteref) refs/heads/main refs/remotes/main [2ms]
2025-06-13 12:24:25.837 [info] > git status -z -uall [9ms]
2025-06-13 12:24:25.842 [info] > git for-each-ref --sort -committerdate --format %(refname)%00%(objectname)%00%(*objectname) [5ms]
2025-06-13 12:25:44.444 [info] > git config --get commit.template [14ms]
2025-06-13 12:25:44.445 [info] > git for-each-ref --format=%(refname)%00%(upstream:short)%00%(objectname)%00%(upstream:track)%00%(upstream:remotename)%00%(upstream:remoteref) refs/heads/main refs/remotes/main [3ms]
2025-06-13 12:25:44.482 [info] > git status -z -uall [17ms]
2025-06-13 12:25:44.489 [info] > git for-each-ref --sort -committerdate --format %(refname)%00%(objectname)%00%(*objectname) [11ms]
2025-06-13 12:25:59.007 [info] > git config --get commit.template [19ms]
2025-06-13 12:25:59.010 [info] > git for-each-ref --format=%(refname)%00%(upstream:short)%00%(objectname)%00%(upstream:track)%00%(upstream:remotename)%00%(upstream:remoteref) refs/heads/main refs/remotes/main [7ms]
2025-06-13 12:25:59.059 [info] > git status -z -uall [24ms]
2025-06-13 12:25:59.067 [info] > git for-each-ref --sort -committerdate --format %(refname)%00%(objectname)%00%(*objectname) [10ms]
2025-06-13 12:26:07.239 [info] > git config --get commit.template [22ms]
2025-06-13 12:26:07.242 [info] > git for-each-ref --format=%(refname)%00%(upstream:short)%00%(objectname)%00%(upstream:track)%00%(upstream:remotename)%00%(upstream:remoteref) refs/heads/main refs/remotes/main [7ms]
2025-06-13 12:26:07.284 [info] > git status -z -uall [26ms]
2025-06-13 12:26:07.286 [info] > git for-each-ref --sort -committerdate --format %(refname)%00%(objectname)%00%(*objectname) [3ms]
2025-06-13 12:26:16.271 [info] > git config --get commit.template [12ms]
2025-06-13 12:26:16.274 [info] > git for-each-ref --format=%(refname)%00%(upstream:short)%00%(objectname)%00%(upstream:track)%00%(upstream:remotename)%00%(upstream:remoteref) refs/heads/main refs/remotes/main [4ms]
2025-06-13 12:26:16.314 [info] > git status -z -uall [22ms]
2025-06-13 12:26:16.318 [info] > git for-each-ref --sort -committerdate --format %(refname)%00%(objectname)%00%(*objectname) [10ms]
2025-06-13 12:26:21.954 [info] > git config --get commit.template [19ms]
2025-06-13 12:26:21.955 [info] > git for-each-ref --format=%(refname)%00%(upstream:short)%00%(objectname)%00%(upstream:track)%00%(upstream:remotename)%00%(upstream:remoteref) refs/heads/main refs/remotes/main [2ms]
2025-06-13 12:26:21.994 [info] > git status -z -uall [14ms]
2025-06-13 12:26:22.000 [info] > git for-each-ref --sort -committerdate --format %(refname)%00%(objectname)%00%(*objectname) [9ms]
2025-06-13 12:26:33.466 [info] > git config --get commit.template [17ms]
2025-06-13 12:26:33.469 [info] > git for-each-ref --format=%(refname)%00%(upstream:short)%00%(objectname)%00%(upstream:track)%00%(upstream:remotename)%00%(upstream:remoteref) refs/heads/main refs/remotes/main [5ms]
2025-06-13 12:26:33.535 [info] > git status -z -uall [41ms]
2025-06-13 12:26:33.540 [info] > git for-each-ref --sort -committerdate --format %(refname)%00%(objectname)%00%(*objectname) [10ms]
2025-06-13 12:26:42.310 [info] > git config --get commit.template [14ms]
2025-06-13 12:26:42.312 [info] > git for-each-ref --format=%(refname)%00%(upstream:short)%00%(objectname)%00%(upstream:track)%00%(upstream:remotename)%00%(upstream:remoteref) refs/heads/main refs/remotes/main [3ms]
2025-06-13 12:26:42.342 [info] > git status -z -uall [22ms]
2025-06-13 12:26:42.344 [info] > git for-each-ref --sort -committerdate --format %(refname)%00%(objectname)%00%(*objectname) [3ms]
2025-06-13 12:27:11.398 [info] > git config --get commit.template [4ms]
2025-06-13 12:27:11.424 [info] > git for-each-ref --format=%(refname)%00%(upstream:short)%00%(objectname)%00%(upstream:track)%00%(upstream:remotename)%00%(upstream:remoteref) refs/heads/main refs/remotes/main [7ms]
2025-06-13 12:27:11.482 [info] > git status -z -uall [40ms]
2025-06-13 12:27:11.488 [info] > git for-each-ref --sort -committerdate --format %(refname)%00%(objectname)%00%(*objectname) [10ms]
2025-06-13 12:27:26.375 [info] > git config --get commit.template [26ms]
2025-06-13 12:27:26.377 [info] > git for-each-ref --format=%(refname)%00%(upstream:short)%00%(objectname)%00%(upstream:track)%00%(upstream:remotename)%00%(upstream:remoteref) refs/heads/main refs/remotes/main [4ms]
2025-06-13 12:27:26.439 [info] > git status -z -uall [32ms]
2025-06-13 12:27:26.449 [info] > git for-each-ref --sort -committerdate --format %(refname)%00%(objectname)%00%(*objectname) [17ms]
2025-06-13 12:27:36.561 [info] > git config --get commit.template [31ms]
2025-06-13 12:27:36.569 [info] > git for-each-ref --format=%(refname)%00%(upstream:short)%00%(objectname)%00%(upstream:track)%00%(upstream:remotename)%00%(upstream:remoteref) refs/heads/main refs/remotes/main [10ms]
2025-06-13 12:27:36.649 [info] > git status -z -uall [43ms]
2025-06-13 12:27:36.652 [info] > git for-each-ref --sort -committerdate --format %(refname)%00%(objectname)%00%(*objectname) [10ms]
2025-06-13 12:27:46.795 [info] > git config --get commit.template [10ms]
2025-06-13 12:27:46.801 [info] > git for-each-ref --format=%(refname)%00%(upstream:short)%00%(objectname)%00%(upstream:track)%00%(upstream:remotename)%00%(upstream:remoteref) refs/heads/main refs/remotes/main [6ms]
2025-06-13 12:27:46.854 [info] > git status -z -uall [31ms]
2025-06-13 12:27:46.855 [info] > git for-each-ref --sort -committerdate --format %(refname)%00%(objectname)%00%(*objectname) [5ms]
2025-06-13 12:27:58.307 [info] > git config --get commit.template [20ms]
2025-06-13 12:27:58.310 [info] > git for-each-ref --format=%(refname)%00%(upstream:short)%00%(objectname)%00%(upstream:track)%00%(upstream:remotename)%00%(upstream:remoteref) refs/heads/main refs/remotes/main [5ms]
2025-06-13 12:27:58.359 [info] > git status -z -uall [31ms]
2025-06-13 12:27:58.364 [info] > git for-each-ref --sort -committerdate --format %(refname)%00%(objectname)%00%(*objectname) [10ms]
2025-06-13 12:28:04.149 [info] > git config --get commit.template [26ms]
2025-06-13 12:28:04.151 [info] > git for-each-ref --format=%(refname)%00%(upstream:short)%00%(objectname)%00%(upstream:track)%00%(upstream:remotename)%00%(upstream:remoteref) refs/heads/main refs/remotes/main [8ms]
2025-06-13 12:28:04.208 [info] > git status -z -uall [31ms]
2025-06-13 12:28:04.210 [info] > git for-each-ref --sort -committerdate --format %(refname)%00%(objectname)%00%(*objectname) [4ms]
2025-06-13 12:28:16.206 [info] > git config --get commit.template [33ms]
2025-06-13 12:28:16.209 [info] > git for-each-ref --format=%(refname)%00%(upstream:short)%00%(objectname)%00%(upstream:track)%00%(upstream:remotename)%00%(upstream:remoteref) refs/heads/main refs/remotes/main [7ms]
2025-06-13 12:28:16.267 [info] > git status -z -uall [30ms]
2025-06-13 12:28:16.269 [info] > git for-each-ref --sort -committerdate --format %(refname)%00%(objectname)%00%(*objectname) [6ms]
2025-06-13 12:28:45.608 [info] > git config --get commit.template [21ms]
2025-06-13 12:28:45.610 [info] > git for-each-ref --format=%(refname)%00%(upstream:short)%00%(objectname)%00%(upstream:track)%00%(upstream:remotename)%00%(upstream:remoteref) refs/heads/main refs/remotes/main [4ms]
2025-06-13 12:28:45.669 [info] > git status -z -uall [32ms]
2025-06-13 12:28:45.675 [info] > git for-each-ref --sort -committerdate --format %(refname)%00%(objectname)%00%(*objectname) [8ms]
2025-06-13 12:29:04.110 [info] > git config --get commit.template [17ms]
2025-06-13 12:29:04.115 [info] > git for-each-ref --format=%(refname)%00%(upstream:short)%00%(objectname)%00%(upstream:track)%00%(upstream:remotename)%00%(upstream:remoteref) refs/heads/main refs/remotes/main [8ms]
2025-06-13 12:29:04.158 [info] > git status -z -uall [24ms]
2025-06-13 12:29:04.163 [info] > git for-each-ref --sort -committerdate --format %(refname)%00%(objectname)%00%(*objectname) [9ms]
2025-06-13 12:29:18.427 [info] > git config --get commit.template [18ms]
2025-06-13 12:29:18.429 [info] > git for-each-ref --format=%(refname)%00%(upstream:short)%00%(objectname)%00%(upstream:track)%00%(upstream:remotename)%00%(upstream:remoteref) refs/heads/main refs/remotes/main [4ms]
2025-06-13 12:29:18.469 [info] > git status -z -uall [29ms]
2025-06-13 12:29:18.471 [info] > git for-each-ref --sort -committerdate --format %(refname)%00%(objectname)%00%(*objectname) [4ms]
2025-06-13 12:29:27.666 [info] > git config --get commit.template [23ms]
2025-06-13 12:29:27.668 [info] > git for-each-ref --format=%(refname)%00%(upstream:short)%00%(objectname)%00%(upstream:track)%00%(upstream:remotename)%00%(upstream:remoteref) refs/heads/main refs/remotes/main [5ms]
2025-06-13 12:29:27.725 [info] > git status -z -uall [39ms]
2025-06-13 12:29:27.728 [info] > git for-each-ref --sort -committerdate --format %(refname)%00%(objectname)%00%(*objectname) [6ms]
2025-06-13 12:31:00.492 [info] > git config --get commit.template [9ms]
2025-06-13 12:31:00.493 [info] > git for-each-ref --format=%(refname)%00%(upstream:short)%00%(objectname)%00%(upstream:track)%00%(upstream:remotename)%00%(upstream:remoteref) refs/heads/main refs/remotes/main [2ms]
2025-06-13 12:31:00.512 [info] > git status -z -uall [10ms]
2025-06-13 12:31:00.512 [info] > git for-each-ref --sort -committerdate --format %(refname)%00%(objectname)%00%(*objectname) [2ms]
2025-06-13 12:31:05.895 [info] > git config --get commit.template [20ms]
2025-06-13 12:31:05.897 [info] > git for-each-ref --format=%(refname)%00%(upstream:short)%00%(objectname)%00%(upstream:track)%00%(upstream:remotename)%00%(upstream:remoteref) refs/heads/main refs/remotes/main [3ms]
2025-06-13 12:31:05.922 [info] > git status -z -uall [9ms]
2025-06-13 12:31:05.924 [info] > git for-each-ref --sort -committerdate --format %(refname)%00%(objectname)%00%(*objectname) [2ms]
2025-06-13 12:31:12.313 [info] > git config --get commit.template [21ms]
2025-06-13 12:31:12.317 [info] > git for-each-ref --format=%(refname)%00%(upstream:short)%00%(objectname)%00%(upstream:track)%00%(upstream:remotename)%00%(upstream:remoteref) refs/heads/main refs/remotes/main [6ms]
2025-06-13 12:31:12.352 [info] > git status -z -uall [16ms]
2025-06-13 12:31:12.354 [info] > git for-each-ref --sort -committerdate --format %(refname)%00%(objectname)%00%(*objectname) [3ms]
2025-06-13 12:31:17.493 [info] > git config --get commit.template [11ms]
2025-06-13 12:31:17.497 [info] > git for-each-ref --format=%(refname)%00%(upstream:short)%00%(objectname)%00%(upstream:track)%00%(upstream:remotename)%00%(upstream:remoteref) refs/heads/main refs/remotes/main [5ms]
2025-06-13 12:31:17.524 [info] > git status -z -uall [11ms]
2025-06-13 12:31:17.532 [info] > git for-each-ref --sort -committerdate --format %(refname)%00%(objectname)%00%(*objectname) [8ms]
2025-06-13 12:31:57.231 [info] > git config --get commit.template [18ms]
2025-06-13 12:31:57.234 [info] > git for-each-ref --format=%(refname)%00%(upstream:short)%00%(objectname)%00%(upstream:track)%00%(upstream:remotename)%00%(upstream:remoteref) refs/heads/main refs/remotes/main [9ms]
2025-06-13 12:31:57.282 [info] > git status -z -uall [26ms]
2025-06-13 12:31:57.283 [info] > git for-each-ref --sort -committerdate --format %(refname)%00%(objectname)%00%(*objectname) [3ms]
2025-06-13 12:33:49.612 [info] > git config --get commit.template [15ms]
2025-06-13 12:33:49.613 [info] > git for-each-ref --format=%(refname)%00%(upstream:short)%00%(objectname)%00%(upstream:track)%00%(upstream:remotename)%00%(upstream:remoteref) refs/heads/main refs/remotes/main [2ms]
2025-06-13 12:33:49.635 [info] > git status -z -uall [9ms]
2025-06-13 12:33:49.638 [info] > git for-each-ref --sort -committerdate --format %(refname)%00%(objectname)%00%(*objectname) [5ms]
2025-06-13 12:34:44.133 [info] > git config --get commit.template [22ms]
2025-06-13 12:34:44.137 [info] > git for-each-ref --format=%(refname)%00%(upstream:short)%00%(objectname)%00%(upstream:track)%00%(upstream:remotename)%00%(upstream:remoteref) refs/heads/main refs/remotes/main [5ms]
2025-06-13 12:34:44.157 [info] > git status -z -uall [8ms]
2025-06-13 12:34:44.158 [info] > git for-each-ref --sort -committerdate --format %(refname)%00%(objectname)%00%(*objectname) [2ms]
2025-06-13 12:34:50.682 [info] > git config --get commit.template [16ms]
2025-06-13 12:34:50.686 [info] > git for-each-ref --format=%(refname)%00%(upstream:short)%00%(objectname)%00%(upstream:track)%00%(upstream:remotename)%00%(upstream:remoteref) refs/heads/main refs/remotes/main [6ms]
2025-06-13 12:34:50.723 [info] > git status -z -uall [18ms]
2025-06-13 12:34:50.726 [info] > git for-each-ref --sort -committerdate --format %(refname)%00%(objectname)%00%(*objectname) [6ms]
2025-06-13 12:35:40.543 [info] > git config --get commit.template [16ms]
2025-06-13 12:35:40.546 [info] > git for-each-ref --format=%(refname)%00%(upstream:short)%00%(objectname)%00%(upstream:track)%00%(upstream:remotename)%00%(upstream:remoteref) refs/heads/main refs/remotes/main [4ms]
2025-06-13 12:35:40.572 [info] > git status -z -uall [12ms]
2025-06-13 12:35:40.574 [info] > git for-each-ref --sort -committerdate --format %(refname)%00%(objectname)%00%(*objectname) [3ms]
2025-06-13 12:36:20.451 [info] > git config --get commit.template [24ms]
2025-06-13 12:36:20.454 [info] > git for-each-ref --format=%(refname)%00%(upstream:short)%00%(objectname)%00%(upstream:track)%00%(upstream:remotename)%00%(upstream:remoteref) refs/heads/main refs/remotes/main [4ms]
2025-06-13 12:36:20.484 [info] > git status -z -uall [14ms]
2025-06-13 12:36:20.485 [info] > git for-each-ref --sort -committerdate --format %(refname)%00%(objectname)%00%(*objectname) [3ms]
2025-06-13 12:36:34.243 [info] > git config --get commit.template [24ms]
2025-06-13 12:36:34.246 [info] > git for-each-ref --format=%(refname)%00%(upstream:short)%00%(objectname)%00%(upstream:track)%00%(upstream:remotename)%00%(upstream:remoteref) refs/heads/main refs/remotes/main [4ms]
2025-06-13 12:36:34.270 [info] > git status -z -uall [8ms]
2025-06-13 12:36:34.271 [info] > git for-each-ref --sort -committerdate --format %(refname)%00%(objectname)%00%(*objectname) [2ms]
2025-06-13 12:36:39.603 [info] > git config --get commit.template [9ms]
2025-06-13 12:36:39.604 [info] > git for-each-ref --format=%(refname)%00%(upstream:short)%00%(objectname)%00%(upstream:track)%00%(upstream:remotename)%00%(upstream:remoteref) refs/heads/main refs/remotes/main [2ms]
2025-06-13 12:36:39.620 [info] > git status -z -uall [8ms]
2025-06-13 12:36:39.622 [info] > git for-each-ref --sort -committerdate --format %(refname)%00%(objectname)%00%(*objectname) [2ms]
2025-06-13 12:37:30.587 [info] > git config --get commit.template [23ms]
2025-06-13 12:37:30.590 [info] > git for-each-ref --format=%(refname)%00%(upstream:short)%00%(objectname)%00%(upstream:track)%00%(upstream:remotename)%00%(upstream:remoteref) refs/heads/main refs/remotes/main [5ms]
2025-06-13 12:37:30.623 [info] > git status -z -uall [13ms]
2025-06-13 12:37:30.625 [info] > git for-each-ref --sort -committerdate --format %(refname)%00%(objectname)%00%(*objectname) [4ms]
2025-06-13 12:38:27.933 [info] > git config --get commit.template [15ms]
2025-06-13 12:38:27.937 [info] > git for-each-ref --format=%(refname)%00%(upstream:short)%00%(objectname)%00%(upstream:track)%00%(upstream:remotename)%00%(upstream:remoteref) refs/heads/main refs/remotes/main [6ms]
2025-06-13 12:38:27.964 [info] > git status -z -uall [15ms]
2025-06-13 12:38:27.969 [info] > git for-each-ref --sort -committerdate --format %(refname)%00%(objectname)%00%(*objectname) [6ms]
2025-06-13 12:39:06.224 [info] > git config --get commit.template [15ms]
2025-06-13 12:39:06.225 [info] > git for-each-ref --format=%(refname)%00%(upstream:short)%00%(objectname)%00%(upstream:track)%00%(upstream:remotename)%00%(upstream:remoteref) refs/heads/main refs/remotes/main [4ms]
2025-06-13 12:39:06.253 [info] > git status -z -uall [13ms]
2025-06-13 12:39:06.254 [info] > git for-each-ref --sort -committerdate --format %(refname)%00%(objectname)%00%(*objectname) [2ms]
2025-06-13 12:39:31.707 [info] > git config --get commit.template [22ms]
2025-06-13 12:39:31.711 [info] > git for-each-ref --format=%(refname)%00%(upstream:short)%00%(objectname)%00%(upstream:track)%00%(upstream:remotename)%00%(upstream:remoteref) refs/heads/main refs/remotes/main [7ms]
2025-06-13 12:39:31.775 [info] > git status -z -uall [36ms]
2025-06-13 12:39:31.789 [info] > git for-each-ref --sort -committerdate --format %(refname)%00%(objectname)%00%(*objectname) [17ms]
2025-06-13 12:39:47.854 [info] > git config --get commit.template [20ms]
2025-06-13 12:39:47.857 [info] > git for-each-ref --format=%(refname)%00%(upstream:short)%00%(objectname)%00%(upstream:track)%00%(upstream:remotename)%00%(upstream:remoteref) refs/heads/main refs/remotes/main [5ms]
2025-06-13 12:39:47.892 [info] > git status -z -uall [15ms]
2025-06-13 12:39:47.894 [info] > git for-each-ref --sort -committerdate --format %(refname)%00%(objectname)%00%(*objectname) [2ms]
2025-06-13 12:42:17.470 [info] > git config --get commit.template [8ms]
2025-06-13 12:42:17.472 [info] > git for-each-ref --format=%(refname)%00%(upstream:short)%00%(objectname)%00%(upstream:track)%00%(upstream:remotename)%00%(upstream:remoteref) refs/heads/main refs/remotes/main [2ms]
2025-06-13 12:42:17.487 [info] > git status -z -uall [8ms]
2025-06-13 12:42:17.488 [info] > git for-each-ref --sort -committerdate --format %(refname)%00%(objectname)%00%(*objectname) [2ms]
