2025-06-13 11:24:37.867 [info] [main] Log level: Info
2025-06-13 11:24:37.867 [info] [main] Validating found git in: "git"
2025-06-13 11:24:37.867 [info] [main] Using git "2.49.0" from "git"
2025-06-13 11:24:37.867 [info] [Model][doInitialScan] Initial repository scan started
2025-06-13 11:24:37.867 [info] > git rev-parse --show-toplevel [357ms]
2025-06-13 11:24:37.867 [info] > git rev-parse --git-dir --git-common-dir [72ms]
2025-06-13 11:24:37.867 [info] [Model][openRepository] Opened repository (path): /home/movved/Documents/projex/pomodoro_react/pomodoro
2025-06-13 11:24:37.867 [info] [Model][openRepository] Opened repository (real path): /home/movved/Documents/projex/pomodoro_react/pomodoro
2025-06-13 11:24:37.888 [info] > git rev-parse --show-toplevel [162ms]
2025-06-13 11:24:37.892 [info] > git config --get commit.template [192ms]
2025-06-13 11:24:38.037 [info] > git rev-parse --show-toplevel [43ms]
2025-06-13 11:24:38.074 [info] > git for-each-ref --format=%(refname)%00%(upstream:short)%00%(objectname)%00%(upstream:track)%00%(upstream:remotename)%00%(upstream:remoteref) refs/heads/main refs/remotes/main [45ms]
2025-06-13 11:24:38.085 [info] > git rev-parse --show-toplevel [12ms]
2025-06-13 11:24:38.089 [info] [Model][doInitialScan] Initial repository scan completed - repositories (1), closed repositories (0), parent repositories (0), unsafe repositories (0)
2025-06-13 11:24:38.138 [info] > git status -z -uall [26ms]
2025-06-13 11:24:38.145 [info] > git for-each-ref --sort -committerdate --format %(refname)%00%(objectname)%00%(*objectname) [11ms]
2025-06-13 11:24:38.261 [info] > git for-each-ref --format=%(refname)%00%(upstream:short)%00%(objectname)%00%(upstream:track)%00%(upstream:remotename)%00%(upstream:remoteref) refs/heads/main refs/remotes/main [42ms]
2025-06-13 11:24:38.319 [info] > git show --textconv :src/App.jsx [23ms]
2025-06-13 11:24:38.319 [info] > git ls-files --stage -- src/App.jsx [10ms]
2025-06-13 11:24:38.336 [info] > git config --get --local branch.main.vscode-merge-base [59ms]
2025-06-13 11:24:38.336 [warning] [Git][config] git config failed: Failed to execute git
2025-06-13 11:24:38.349 [info] > git config --get commit.template [89ms]
2025-06-13 11:24:38.410 [info] > git reflog main --grep-reflog=branch: Created from *. [61ms]
2025-06-13 11:24:38.423 [info] > git cat-file -s f67355ae04c4000eef464262481f6b02daa50789 [91ms]
2025-06-13 11:24:38.451 [info] > git symbolic-ref --short refs/remotes/origin/HEAD [28ms]
2025-06-13 11:24:38.452 [info] fatal: ref refs/remotes/origin/HEAD is not a symbolic ref
2025-06-13 11:24:38.452 [warning] [Repository][getDefaultBranch] Failed to get default branch details: Failed to execute git.
2025-06-13 11:24:38.474 [info] > git for-each-ref --format=%(refname)%00%(upstream:short)%00%(objectname)%00%(upstream:track)%00%(upstream:remotename)%00%(upstream:remoteref) refs/heads/main refs/remotes/main [25ms]
2025-06-13 11:24:38.475 [info] > git merge-base refs/heads/main refs/remotes/origin/main [7ms]
2025-06-13 11:24:38.516 [info] > git status -z -uall [14ms]
2025-06-13 11:24:38.518 [info] > git diff --name-status -z --diff-filter=ADMR 73d673b4834c9bccb38249d11614699a84d92e6b...refs/remotes/origin/main [30ms]
2025-06-13 11:24:38.520 [info] > git for-each-ref --sort -committerdate --format %(refname)%00%(objectname)%00%(*objectname) [6ms]
2025-06-13 11:24:38.603 [info] > git check-ignore -v -z --stdin [13ms]
2025-06-13 11:24:38.775 [info] > git blame --root --incremental 73d673b4834c9bccb38249d11614699a84d92e6b -- src/App.jsx [4ms]
2025-06-13 11:24:52.684 [info] > git check-ignore -v -z --stdin [5ms]
2025-06-13 11:24:56.110 [info] > git check-ignore -v -z --stdin [5ms]
2025-06-13 11:25:47.226 [info] > git config --get commit.template [15ms]
2025-06-13 11:25:47.227 [info] > git for-each-ref --format=%(refname)%00%(upstream:short)%00%(objectname)%00%(upstream:track)%00%(upstream:remotename)%00%(upstream:remoteref) refs/heads/main refs/remotes/main [3ms]
2025-06-13 11:25:47.256 [info] > git status -z -uall [19ms]
2025-06-13 11:25:47.258 [info] > git for-each-ref --sort -committerdate --format %(refname)%00%(objectname)%00%(*objectname) [4ms]
2025-06-13 11:27:22.013 [info] > git config --get commit.template [3ms]
2025-06-13 11:27:22.036 [info] > git for-each-ref --format=%(refname)%00%(upstream:short)%00%(objectname)%00%(upstream:track)%00%(upstream:remotename)%00%(upstream:remoteref) refs/heads/main refs/remotes/main [9ms]
2025-06-13 11:27:22.078 [info] > git status -z -uall [26ms]
2025-06-13 11:27:22.081 [info] > git for-each-ref --sort -committerdate --format %(refname)%00%(objectname)%00%(*objectname) [5ms]
2025-06-13 11:27:30.915 [info] > git show --textconv :src/App.jsx [16ms]
2025-06-13 11:27:30.916 [info] > git ls-files --stage -- src/App.jsx [3ms]
2025-06-13 11:27:30.931 [info] > git cat-file -s f67355ae04c4000eef464262481f6b02daa50789 [3ms]
2025-06-13 11:28:40.768 [info] > git config --get commit.template [21ms]
2025-06-13 11:28:40.771 [info] > git for-each-ref --format=%(refname)%00%(upstream:short)%00%(objectname)%00%(upstream:track)%00%(upstream:remotename)%00%(upstream:remoteref) refs/heads/main refs/remotes/main [5ms]
2025-06-13 11:28:40.807 [info] > git status -z -uall [22ms]
2025-06-13 11:28:40.809 [info] > git for-each-ref --sort -committerdate --format %(refname)%00%(objectname)%00%(*objectname) [4ms]
2025-06-13 11:28:51.712 [info] > git config --get commit.template [21ms]
2025-06-13 11:28:51.715 [info] > git for-each-ref --format=%(refname)%00%(upstream:short)%00%(objectname)%00%(upstream:track)%00%(upstream:remotename)%00%(upstream:remoteref) refs/heads/main refs/remotes/main [6ms]
2025-06-13 11:28:51.748 [info] > git status -z -uall [23ms]
2025-06-13 11:28:51.750 [info] > git for-each-ref --sort -committerdate --format %(refname)%00%(objectname)%00%(*objectname) [4ms]
2025-06-13 11:29:12.796 [info] > git config --get commit.template [12ms]
2025-06-13 11:29:12.800 [info] > git for-each-ref --format=%(refname)%00%(upstream:short)%00%(objectname)%00%(upstream:track)%00%(upstream:remotename)%00%(upstream:remoteref) refs/heads/main refs/remotes/main [7ms]
2025-06-13 11:29:12.834 [info] > git status -z -uall [19ms]
2025-06-13 11:29:12.839 [info] > git for-each-ref --sort -committerdate --format %(refname)%00%(objectname)%00%(*objectname) [15ms]
2025-06-13 11:29:17.893 [info] > git config --get commit.template [23ms]
2025-06-13 11:29:17.896 [info] > git for-each-ref --format=%(refname)%00%(upstream:short)%00%(objectname)%00%(upstream:track)%00%(upstream:remotename)%00%(upstream:remoteref) refs/heads/main refs/remotes/main [6ms]
2025-06-13 11:29:17.937 [info] > git status -z -uall [21ms]
2025-06-13 11:29:17.941 [info] > git for-each-ref --sort -committerdate --format %(refname)%00%(objectname)%00%(*objectname) [6ms]
2025-06-13 11:29:22.971 [info] > git config --get commit.template [8ms]
2025-06-13 11:29:22.972 [info] > git for-each-ref --format=%(refname)%00%(upstream:short)%00%(objectname)%00%(upstream:track)%00%(upstream:remotename)%00%(upstream:remoteref) refs/heads/main refs/remotes/main [3ms]
2025-06-13 11:29:22.993 [info] > git status -z -uall [12ms]
2025-06-13 11:29:22.997 [info] > git for-each-ref --sort -committerdate --format %(refname)%00%(objectname)%00%(*objectname) [9ms]
2025-06-13 11:29:29.046 [info] > git config --get commit.template [16ms]
2025-06-13 11:29:29.049 [info] > git for-each-ref --format=%(refname)%00%(upstream:short)%00%(objectname)%00%(upstream:track)%00%(upstream:remotename)%00%(upstream:remoteref) refs/heads/main refs/remotes/main [6ms]
2025-06-13 11:29:29.077 [info] > git status -z -uall [13ms]
2025-06-13 11:29:29.081 [info] > git for-each-ref --sort -committerdate --format %(refname)%00%(objectname)%00%(*objectname) [9ms]
2025-06-13 11:29:34.116 [info] > git config --get commit.template [14ms]
2025-06-13 11:29:34.117 [info] > git for-each-ref --format=%(refname)%00%(upstream:short)%00%(objectname)%00%(upstream:track)%00%(upstream:remotename)%00%(upstream:remoteref) refs/heads/main refs/remotes/main [2ms]
2025-06-13 11:29:34.137 [info] > git status -z -uall [8ms]
2025-06-13 11:29:34.138 [info] > git for-each-ref --sort -committerdate --format %(refname)%00%(objectname)%00%(*objectname) [2ms]
2025-06-13 11:29:39.157 [info] > git config --get commit.template [1ms]
2025-06-13 11:29:39.167 [info] > git for-each-ref --format=%(refname)%00%(upstream:short)%00%(objectname)%00%(upstream:track)%00%(upstream:remotename)%00%(upstream:remoteref) refs/heads/main refs/remotes/main [2ms]
2025-06-13 11:29:39.183 [info] > git status -z -uall [8ms]
2025-06-13 11:29:39.185 [info] > git for-each-ref --sort -committerdate --format %(refname)%00%(objectname)%00%(*objectname) [3ms]
2025-06-13 11:30:15.738 [info] > git config --get commit.template [24ms]
2025-06-13 11:30:15.739 [info] > git for-each-ref --format=%(refname)%00%(upstream:short)%00%(objectname)%00%(upstream:track)%00%(upstream:remotename)%00%(upstream:remoteref) refs/heads/main refs/remotes/main [8ms]
2025-06-13 11:30:15.787 [info] > git status -z -uall [28ms]
2025-06-13 11:30:15.790 [info] > git for-each-ref --sort -committerdate --format %(refname)%00%(objectname)%00%(*objectname) [8ms]
2025-06-13 11:30:20.842 [info] > git config --get commit.template [23ms]
2025-06-13 11:30:20.845 [info] > git for-each-ref --format=%(refname)%00%(upstream:short)%00%(objectname)%00%(upstream:track)%00%(upstream:remotename)%00%(upstream:remoteref) refs/heads/main refs/remotes/main [6ms]
2025-06-13 11:30:20.886 [info] > git status -z -uall [22ms]
2025-06-13 11:30:20.890 [info] > git for-each-ref --sort -committerdate --format %(refname)%00%(objectname)%00%(*objectname) [6ms]
2025-06-13 11:30:34.829 [info] > git config --get commit.template [18ms]
2025-06-13 11:30:34.832 [info] > git for-each-ref --format=%(refname)%00%(upstream:short)%00%(objectname)%00%(upstream:track)%00%(upstream:remotename)%00%(upstream:remoteref) refs/heads/main refs/remotes/main [5ms]
2025-06-13 11:30:34.903 [info] > git status -z -uall [37ms]
2025-06-13 11:30:34.908 [info] > git for-each-ref --sort -committerdate --format %(refname)%00%(objectname)%00%(*objectname) [10ms]
2025-06-13 11:31:01.469 [info] > git config --get commit.template [15ms]
2025-06-13 11:31:01.470 [info] > git for-each-ref --format=%(refname)%00%(upstream:short)%00%(objectname)%00%(upstream:track)%00%(upstream:remotename)%00%(upstream:remoteref) refs/heads/main refs/remotes/main [4ms]
2025-06-13 11:31:01.496 [info] > git status -z -uall [13ms]
2025-06-13 11:31:01.501 [info] > git for-each-ref --sort -committerdate --format %(refname)%00%(objectname)%00%(*objectname) [8ms]
2025-06-13 11:31:09.898 [info] > git config --get commit.template [5ms]
2025-06-13 11:31:09.914 [info] > git for-each-ref --format=%(refname)%00%(upstream:short)%00%(objectname)%00%(upstream:track)%00%(upstream:remotename)%00%(upstream:remoteref) refs/heads/main refs/remotes/main [7ms]
2025-06-13 11:31:09.979 [info] > git status -z -uall [32ms]
2025-06-13 11:31:09.983 [info] > git for-each-ref --sort -committerdate --format %(refname)%00%(objectname)%00%(*objectname) [8ms]
2025-06-13 11:31:16.210 [info] > git config --get commit.template [11ms]
2025-06-13 11:31:16.216 [info] > git for-each-ref --format=%(refname)%00%(upstream:short)%00%(objectname)%00%(upstream:track)%00%(upstream:remotename)%00%(upstream:remoteref) refs/heads/main refs/remotes/main [7ms]
2025-06-13 11:31:16.239 [info] > git status -z -uall [10ms]
2025-06-13 11:31:16.240 [info] > git for-each-ref --sort -committerdate --format %(refname)%00%(objectname)%00%(*objectname) [2ms]
2025-06-13 11:31:21.308 [info] > git config --get commit.template [29ms]
2025-06-13 11:31:21.314 [info] > git for-each-ref --format=%(refname)%00%(upstream:short)%00%(objectname)%00%(upstream:track)%00%(upstream:remotename)%00%(upstream:remoteref) refs/heads/main refs/remotes/main [8ms]
2025-06-13 11:31:21.338 [info] > git status -z -uall [13ms]
2025-06-13 11:31:21.340 [info] > git for-each-ref --sort -committerdate --format %(refname)%00%(objectname)%00%(*objectname) [3ms]
2025-06-13 11:32:20.350 [info] > git config --get commit.template [22ms]
2025-06-13 11:32:20.356 [info] > git for-each-ref --format=%(refname)%00%(upstream:short)%00%(objectname)%00%(upstream:track)%00%(upstream:remotename)%00%(upstream:remoteref) refs/heads/main refs/remotes/main [8ms]
2025-06-13 11:32:20.414 [info] > git status -z -uall [24ms]
2025-06-13 11:32:20.416 [info] > git for-each-ref --sort -committerdate --format %(refname)%00%(objectname)%00%(*objectname) [3ms]
2025-06-13 11:32:37.685 [info] > git config --get commit.template [16ms]
2025-06-13 11:32:37.687 [info] > git for-each-ref --format=%(refname)%00%(upstream:short)%00%(objectname)%00%(upstream:track)%00%(upstream:remotename)%00%(upstream:remoteref) refs/heads/main refs/remotes/main [3ms]
2025-06-13 11:32:37.719 [info] > git status -z -uall [23ms]
2025-06-13 11:32:37.720 [info] > git for-each-ref --sort -committerdate --format %(refname)%00%(objectname)%00%(*objectname) [4ms]
2025-06-13 11:32:42.166 [info] > git show --textconv :src/App.jsx [15ms]
2025-06-13 11:32:42.168 [info] > git ls-files --stage -- src/App.jsx [4ms]
2025-06-13 11:32:42.178 [info] > git cat-file -s f67355ae04c4000eef464262481f6b02daa50789 [3ms]
2025-06-13 11:32:49.640 [info] > git config --get commit.template [27ms]
2025-06-13 11:32:49.641 [info] > git for-each-ref --format=%(refname)%00%(upstream:short)%00%(objectname)%00%(upstream:track)%00%(upstream:remotename)%00%(upstream:remoteref) refs/heads/main refs/remotes/main [5ms]
2025-06-13 11:32:49.689 [info] > git status -z -uall [22ms]
2025-06-13 11:32:49.701 [info] > git for-each-ref --sort -committerdate --format %(refname)%00%(objectname)%00%(*objectname) [15ms]
2025-06-13 11:32:54.797 [info] > git config --get commit.template [20ms]
2025-06-13 11:32:54.804 [info] > git for-each-ref --format=%(refname)%00%(upstream:short)%00%(objectname)%00%(upstream:track)%00%(upstream:remotename)%00%(upstream:remoteref) refs/heads/main refs/remotes/main [12ms]
2025-06-13 11:32:54.862 [info] > git status -z -uall [30ms]
2025-06-13 11:32:54.869 [info] > git for-each-ref --sort -committerdate --format %(refname)%00%(objectname)%00%(*objectname) [9ms]
2025-06-13 11:33:28.339 [info] > git config --get commit.template [26ms]
2025-06-13 11:33:28.343 [info] > git for-each-ref --format=%(refname)%00%(upstream:short)%00%(objectname)%00%(upstream:track)%00%(upstream:remotename)%00%(upstream:remoteref) refs/heads/main refs/remotes/main [10ms]
2025-06-13 11:33:28.404 [info] > git status -z -uall [37ms]
2025-06-13 11:33:28.405 [info] > git for-each-ref --sort -committerdate --format %(refname)%00%(objectname)%00%(*objectname) [4ms]
