2025-06-12 14:34:38.498 [info] [main] Log level: Info
2025-06-12 14:34:38.498 [info] [main] Validating found git in: "git"
2025-06-12 14:34:38.498 [info] [main] Using git "2.49.0" from "git"
2025-06-12 14:34:38.498 [info] [Model][doInitialScan] Initial repository scan started
2025-06-12 14:34:38.498 [info] > git rev-parse --show-toplevel [18ms]
2025-06-12 14:34:38.498 [info] fatal: not a git repository (or any parent up to mount point /)
Stopping at filesystem boundary (GIT_DISCOVERY_ACROSS_FILESYSTEM not set).
2025-06-12 14:34:38.498 [info] > git rev-parse --show-toplevel [6ms]
2025-06-12 14:34:38.498 [info] fatal: not a git repository (or any parent up to mount point /)
Stopping at filesystem boundary (GIT_DISCOVERY_ACROSS_FILESYSTEM not set).
2025-06-12 14:34:38.512 [info] > git rev-parse --show-toplevel [5ms]
2025-06-12 14:34:38.512 [info] fatal: not a git repository (or any parent up to mount point /)
Stopping at filesystem boundary (GIT_DISCOVERY_ACROSS_FILESYSTEM not set).
2025-06-12 14:34:38.522 [info] > git rev-parse --show-toplevel [2ms]
2025-06-12 14:34:38.522 [info] fatal: not a git repository (or any parent up to mount point /)
Stopping at filesystem boundary (GIT_DISCOVERY_ACROSS_FILESYSTEM not set).
2025-06-12 14:34:38.533 [info] > git rev-parse --show-toplevel [3ms]
2025-06-12 14:34:38.533 [info] fatal: not a git repository (or any parent up to mount point /)
Stopping at filesystem boundary (GIT_DISCOVERY_ACROSS_FILESYSTEM not set).
2025-06-12 14:34:38.547 [info] > git rev-parse --show-toplevel [3ms]
2025-06-12 14:34:38.547 [info] fatal: not a git repository (or any parent up to mount point /)
Stopping at filesystem boundary (GIT_DISCOVERY_ACROSS_FILESYSTEM not set).
2025-06-12 14:34:38.561 [info] > git rev-parse --show-toplevel [2ms]
2025-06-12 14:34:38.561 [info] fatal: not a git repository (or any parent up to mount point /)
Stopping at filesystem boundary (GIT_DISCOVERY_ACROSS_FILESYSTEM not set).
2025-06-12 14:34:38.574 [info] > git rev-parse --show-toplevel [5ms]
2025-06-12 14:34:38.575 [info] fatal: not a git repository (or any parent up to mount point /)
Stopping at filesystem boundary (GIT_DISCOVERY_ACROSS_FILESYSTEM not set).
2025-06-12 14:34:38.613 [info] > git rev-parse --show-toplevel [22ms]
2025-06-12 14:34:38.614 [info] fatal: not a git repository (or any parent up to mount point /)
Stopping at filesystem boundary (GIT_DISCOVERY_ACROSS_FILESYSTEM not set).
2025-06-12 14:34:38.626 [info] > git rev-parse --show-toplevel [5ms]
2025-06-12 14:34:38.626 [info] fatal: not a git repository (or any parent up to mount point /)
Stopping at filesystem boundary (GIT_DISCOVERY_ACROSS_FILESYSTEM not set).
2025-06-12 14:34:38.633 [info] > git rev-parse --show-toplevel [1ms]
2025-06-12 14:34:38.633 [info] fatal: not a git repository (or any parent up to mount point /)
Stopping at filesystem boundary (GIT_DISCOVERY_ACROSS_FILESYSTEM not set).
2025-06-12 14:34:38.641 [info] > git rev-parse --show-toplevel [3ms]
2025-06-12 14:34:38.641 [info] fatal: not a git repository (or any parent up to mount point /)
Stopping at filesystem boundary (GIT_DISCOVERY_ACROSS_FILESYSTEM not set).
2025-06-12 14:34:38.648 [info] > git rev-parse --show-toplevel [1ms]
2025-06-12 14:34:38.648 [info] fatal: not a git repository (or any parent up to mount point /)
Stopping at filesystem boundary (GIT_DISCOVERY_ACROSS_FILESYSTEM not set).
2025-06-12 14:34:38.652 [info] [Model][doInitialScan] Initial repository scan completed - repositories (0), closed repositories (0), parent repositories (0), unsafe repositories (0)
2025-06-12 14:44:32.341 [info] > git rev-parse --show-toplevel [4ms]
2025-06-12 14:44:32.341 [info] fatal: not a git repository (or any parent up to mount point /)
Stopping at filesystem boundary (GIT_DISCOVERY_ACROSS_FILESYSTEM not set).
2025-06-12 14:46:55.962 [info] > git rev-parse --show-toplevel [2ms]
2025-06-12 14:46:55.962 [info] fatal: not a git repository (or any parent up to mount point /)
Stopping at filesystem boundary (GIT_DISCOVERY_ACROSS_FILESYSTEM not set).
2025-06-12 14:46:56.966 [info] > git rev-parse --show-toplevel [3ms]
2025-06-12 14:46:56.966 [info] fatal: not a git repository (or any parent up to mount point /)
Stopping at filesystem boundary (GIT_DISCOVERY_ACROSS_FILESYSTEM not set).
2025-06-12 14:46:58.247 [info] > git rev-parse --show-toplevel [2ms]
2025-06-12 14:46:58.247 [info] fatal: not a git repository (or any parent up to mount point /)
Stopping at filesystem boundary (GIT_DISCOVERY_ACROSS_FILESYSTEM not set).
2025-06-12 14:47:05.346 [info] > git rev-parse --show-toplevel [1ms]
2025-06-12 14:47:05.346 [info] fatal: not a git repository (or any parent up to mount point /)
Stopping at filesystem boundary (GIT_DISCOVERY_ACROSS_FILESYSTEM not set).
2025-06-12 14:47:13.683 [info] > git rev-parse --show-toplevel [2ms]
2025-06-12 14:47:13.683 [info] fatal: not a git repository (or any parent up to mount point /)
Stopping at filesystem boundary (GIT_DISCOVERY_ACROSS_FILESYSTEM not set).
2025-06-12 15:12:26.939 [info] > git rev-parse --show-toplevel [3ms]
2025-06-12 15:12:26.940 [info] fatal: not a git repository (or any parent up to mount point /)
Stopping at filesystem boundary (GIT_DISCOVERY_ACROSS_FILESYSTEM not set).
2025-06-12 15:20:10.845 [info] > git rev-parse --show-toplevel [2ms]
2025-06-12 15:20:10.845 [info] fatal: not a git repository (or any parent up to mount point /)
Stopping at filesystem boundary (GIT_DISCOVERY_ACROSS_FILESYSTEM not set).
2025-06-12 15:20:52.563 [info] > git rev-parse --show-toplevel [2ms]
2025-06-12 15:20:52.563 [info] fatal: not a git repository (or any parent up to mount point /)
Stopping at filesystem boundary (GIT_DISCOVERY_ACROSS_FILESYSTEM not set).
2025-06-12 15:20:58.562 [info] > git rev-parse --show-toplevel [1ms]
2025-06-12 15:20:58.562 [info] fatal: not a git repository (or any parent up to mount point /)
Stopping at filesystem boundary (GIT_DISCOVERY_ACROSS_FILESYSTEM not set).
2025-06-12 15:21:22.018 [info] > git rev-parse --show-toplevel [2ms]
2025-06-12 15:21:22.018 [info] fatal: not a git repository (or any parent up to mount point /)
Stopping at filesystem boundary (GIT_DISCOVERY_ACROSS_FILESYSTEM not set).
2025-06-12 15:21:28.176 [info] > git rev-parse --show-toplevel [2ms]
2025-06-12 15:21:28.176 [info] fatal: not a git repository (or any parent up to mount point /)
Stopping at filesystem boundary (GIT_DISCOVERY_ACROSS_FILESYSTEM not set).
2025-06-12 15:21:32.704 [info] > git rev-parse --show-toplevel [2ms]
2025-06-12 15:21:32.704 [info] fatal: not a git repository (or any parent up to mount point /)
Stopping at filesystem boundary (GIT_DISCOVERY_ACROSS_FILESYSTEM not set).
2025-06-12 15:23:49.313 [info] > git rev-parse --show-toplevel [3ms]
2025-06-12 15:23:49.313 [info] fatal: not a git repository (or any parent up to mount point /)
Stopping at filesystem boundary (GIT_DISCOVERY_ACROSS_FILESYSTEM not set).
2025-06-12 15:23:51.184 [info] > git rev-parse --show-toplevel [4ms]
2025-06-12 15:23:51.185 [info] fatal: not a git repository (or any parent up to mount point /)
Stopping at filesystem boundary (GIT_DISCOVERY_ACROSS_FILESYSTEM not set).
2025-06-12 15:27:52.203 [info] > git rev-parse --show-toplevel [2ms]
2025-06-12 15:27:52.203 [info] fatal: not a git repository (or any parent up to mount point /)
Stopping at filesystem boundary (GIT_DISCOVERY_ACROSS_FILESYSTEM not set).
2025-06-12 15:30:57.574 [info] > git rev-parse --show-toplevel [3ms]
2025-06-12 15:30:57.574 [info] fatal: not a git repository (or any parent up to mount point /)
Stopping at filesystem boundary (GIT_DISCOVERY_ACROSS_FILESYSTEM not set).
2025-06-12 15:31:06.108 [info] > git rev-parse --show-toplevel [1ms]
2025-06-12 15:31:06.108 [info] fatal: not a git repository (or any parent up to mount point /)
Stopping at filesystem boundary (GIT_DISCOVERY_ACROSS_FILESYSTEM not set).
2025-06-12 15:31:40.901 [info] > git rev-parse --show-toplevel [1ms]
2025-06-12 15:31:40.902 [info] fatal: not a git repository (or any parent up to mount point /)
Stopping at filesystem boundary (GIT_DISCOVERY_ACROSS_FILESYSTEM not set).
2025-06-12 15:31:46.390 [info] > git rev-parse --show-toplevel [2ms]
2025-06-12 15:31:46.390 [info] fatal: not a git repository (or any parent up to mount point /)
Stopping at filesystem boundary (GIT_DISCOVERY_ACROSS_FILESYSTEM not set).
2025-06-12 15:31:49.169 [info] > git rev-parse --show-toplevel [3ms]
2025-06-12 15:31:49.169 [info] fatal: not a git repository (or any parent up to mount point /)
Stopping at filesystem boundary (GIT_DISCOVERY_ACROSS_FILESYSTEM not set).
2025-06-12 15:31:53.828 [info] > git rev-parse --show-toplevel [3ms]
2025-06-12 15:31:53.828 [info] fatal: not a git repository (or any parent up to mount point /)
Stopping at filesystem boundary (GIT_DISCOVERY_ACROSS_FILESYSTEM not set).
2025-06-12 15:31:56.239 [info] > git rev-parse --show-toplevel [3ms]
2025-06-12 15:31:56.239 [info] fatal: not a git repository (or any parent up to mount point /)
Stopping at filesystem boundary (GIT_DISCOVERY_ACROSS_FILESYSTEM not set).
2025-06-12 15:32:09.712 [info] > git rev-parse --show-toplevel [3ms]
2025-06-12 15:32:09.713 [info] fatal: not a git repository (or any parent up to mount point /)
Stopping at filesystem boundary (GIT_DISCOVERY_ACROSS_FILESYSTEM not set).
2025-06-12 15:32:23.136 [info] > git rev-parse --show-toplevel [2ms]
2025-06-12 15:32:23.136 [info] fatal: not a git repository (or any parent up to mount point /)
Stopping at filesystem boundary (GIT_DISCOVERY_ACROSS_FILESYSTEM not set).
2025-06-12 15:32:54.319 [info] > git rev-parse --show-toplevel [3ms]
2025-06-12 15:32:54.319 [info] fatal: not a git repository (or any parent up to mount point /)
Stopping at filesystem boundary (GIT_DISCOVERY_ACROSS_FILESYSTEM not set).
2025-06-12 15:33:01.769 [info] > git rev-parse --show-toplevel [1ms]
2025-06-12 15:33:01.769 [info] fatal: not a git repository (or any parent up to mount point /)
Stopping at filesystem boundary (GIT_DISCOVERY_ACROSS_FILESYSTEM not set).
2025-06-12 15:33:02.974 [info] > git rev-parse --show-toplevel [2ms]
2025-06-12 15:33:02.974 [info] fatal: not a git repository (or any parent up to mount point /)
Stopping at filesystem boundary (GIT_DISCOVERY_ACROSS_FILESYSTEM not set).
2025-06-12 15:33:19.461 [info] > git rev-parse --show-toplevel [3ms]
2025-06-12 15:33:19.461 [info] fatal: not a git repository (or any parent up to mount point /)
Stopping at filesystem boundary (GIT_DISCOVERY_ACROSS_FILESYSTEM not set).
2025-06-12 15:33:26.552 [info] > git rev-parse --show-toplevel [2ms]
2025-06-12 15:33:26.552 [info] fatal: not a git repository (or any parent up to mount point /)
Stopping at filesystem boundary (GIT_DISCOVERY_ACROSS_FILESYSTEM not set).
2025-06-12 15:33:30.044 [info] > git rev-parse --show-toplevel [2ms]
2025-06-12 15:33:30.044 [info] fatal: not a git repository (or any parent up to mount point /)
Stopping at filesystem boundary (GIT_DISCOVERY_ACROSS_FILESYSTEM not set).
2025-06-12 15:34:53.180 [info] > git rev-parse --show-toplevel [2ms]
2025-06-12 15:34:53.180 [info] fatal: not a git repository (or any parent up to mount point /)
Stopping at filesystem boundary (GIT_DISCOVERY_ACROSS_FILESYSTEM not set).
2025-06-12 15:36:19.466 [info] > git rev-parse --show-toplevel [2ms]
2025-06-12 15:36:19.466 [info] fatal: not a git repository (or any parent up to mount point /)
Stopping at filesystem boundary (GIT_DISCOVERY_ACROSS_FILESYSTEM not set).
2025-06-12 15:36:28.498 [info] > git rev-parse --show-toplevel [3ms]
2025-06-12 15:36:28.499 [info] fatal: not a git repository (or any parent up to mount point /)
Stopping at filesystem boundary (GIT_DISCOVERY_ACROSS_FILESYSTEM not set).
2025-06-12 15:41:23.950 [warning] [Model][getRepositoryExact] Failed to get repository realpath for: "/home/movved/Documents/example-app/". Error:Error: ENOENT: no such file or directory, realpath '/home/movved/Documents/example-app/'
2025-06-12 15:41:23.975 [warning] [Model][getRepositoryExact] Failed to get repository realpath for: "/home/movved/Documents/example-app/node_modules/has-property-descriptors/". Error:Error: ENOENT: no such file or directory, realpath '/home/movved/Documents/example-app/node_modules/has-property-descriptors/'
