2025-06-13 10:18:12.888 [info] [main] Log level: Info
2025-06-13 10:18:12.888 [info] [main] Validating found git in: "git"
2025-06-13 10:18:12.888 [info] [main] Using git "2.49.0" from "git"
2025-06-13 10:18:12.888 [info] [Model][doInitialScan] Initial repository scan started
2025-06-13 10:18:12.888 [info] > git rev-parse --show-toplevel [20ms]
2025-06-13 10:18:12.888 [info] fatal: not a git repository (or any parent up to mount point /)
Stopping at filesystem boundary (GIT_DISCOVERY_ACROSS_FILESYSTEM not set).
2025-06-13 10:18:12.888 [info] > git rev-parse --show-toplevel [42ms]
2025-06-13 10:18:12.967 [info] > git rev-parse --git-dir --git-common-dir [70ms]
2025-06-13 10:18:12.981 [info] [Model][openRepository] Opened repository (path): /home/movved/Documents/projex/pomodoro_react/pomodoro
2025-06-13 10:18:12.981 [info] [Model][openRepository] Opened repository (real path): /home/movved/Documents/projex/pomodoro_react/pomodoro
2025-06-13 10:18:12.986 [info] [Model][doInitialScan] Initial repository scan completed - repositories (1), closed repositories (0), parent repositories (0), unsafe repositories (0)
2025-06-13 10:18:13.003 [info] > git rev-parse --show-toplevel [3ms]
2025-06-13 10:18:13.003 [info] fatal: not a git repository (or any parent up to mount point /)
Stopping at filesystem boundary (GIT_DISCOVERY_ACROSS_FILESYSTEM not set).
2025-06-13 10:18:13.004 [info] > git config --get commit.template [9ms]
2025-06-13 10:18:13.019 [info] > git for-each-ref --format=%(refname)%00%(upstream:short)%00%(objectname)%00%(upstream:track)%00%(upstream:remotename)%00%(upstream:remoteref) refs/heads/main refs/remotes/main [6ms]
2025-06-13 10:18:13.047 [info] > git status -z -uall [18ms]
2025-06-13 10:18:13.061 [info] > git for-each-ref --sort -committerdate --format %(refname)%00%(objectname)%00%(*objectname) [22ms]
2025-06-13 10:18:13.121 [info] > git for-each-ref --format=%(refname)%00%(upstream:short)%00%(objectname)%00%(upstream:track)%00%(upstream:remotename)%00%(upstream:remoteref) refs/heads/main refs/remotes/main [20ms]
2025-06-13 10:18:13.144 [info] > git config --get --local branch.main.vscode-merge-base [13ms]
2025-06-13 10:18:13.144 [warning] [Git][config] git config failed: Failed to execute git
2025-06-13 10:18:13.150 [info] > git config --get commit.template [32ms]
2025-06-13 10:18:13.158 [info] > git reflog main --grep-reflog=branch: Created from *. [8ms]
2025-06-13 10:18:13.166 [info] > git for-each-ref --format=%(refname)%00%(upstream:short)%00%(objectname)%00%(upstream:track)%00%(upstream:remotename)%00%(upstream:remoteref) refs/heads/main refs/remotes/main [9ms]
2025-06-13 10:18:13.167 [info] > git symbolic-ref --short refs/remotes/origin/HEAD [3ms]
2025-06-13 10:18:13.167 [info] fatal: ref refs/remotes/origin/HEAD is not a symbolic ref
2025-06-13 10:18:13.167 [warning] [Repository][getDefaultBranch] Failed to get default branch details: Failed to execute git.
2025-06-13 10:18:13.187 [info] > git status -z -uall [7ms]
2025-06-13 10:18:13.187 [info] > git merge-base refs/heads/main refs/remotes/origin/main [13ms]
2025-06-13 10:18:13.195 [info] > git for-each-ref --sort -committerdate --format %(refname)%00%(objectname)%00%(*objectname) [9ms]
2025-06-13 10:18:13.207 [info] > git merge-base refs/heads/main refs/remotes/origin/main [3ms]
2025-06-13 10:18:13.214 [info] > git diff --name-status -z --diff-filter=ADMR 73d673b4834c9bccb38249d11614699a84d92e6b...refs/remotes/origin/main [21ms]
2025-06-13 10:18:13.217 [info] > git diff --name-status -z --diff-filter=ADMR 73d673b4834c9bccb38249d11614699a84d92e6b...refs/remotes/origin/main [3ms]
2025-06-13 10:18:13.524 [info] > git check-ignore -v -z --stdin [1ms]
2025-06-13 10:18:15.518 [info] > git check-ignore -v -z --stdin [1ms]
2025-06-13 10:18:18.616 [info] > git show --textconv :index.html [17ms]
2025-06-13 10:18:18.618 [info] > git ls-files --stage -- index.html [5ms]
2025-06-13 10:18:18.630 [info] > git cat-file -s 0c589eccd4d48e270e161a1ab91baee5e5f4b4bc [5ms]
2025-06-13 10:18:19.859 [info] > git blame --root --incremental 73d673b4834c9bccb38249d11614699a84d92e6b -- index.html [2ms]
2025-06-13 10:18:22.469 [info] > git check-ignore -v -z --stdin [1ms]
2025-06-13 10:18:23.729 [info] > git show --textconv :src/App.jsx [17ms]
2025-06-13 10:18:23.729 [info] > git ls-files --stage -- src/App.jsx [4ms]
2025-06-13 10:18:23.741 [info] > git cat-file -s f67355ae04c4000eef464262481f6b02daa50789 [3ms]
2025-06-13 10:18:25.064 [info] > git blame --root --incremental 73d673b4834c9bccb38249d11614699a84d92e6b -- src/App.jsx [7ms]
2025-06-13 10:18:53.855 [info] > git show --textconv :index.html [35ms]
2025-06-13 10:18:53.863 [info] > git ls-files --stage -- index.html [10ms]
2025-06-13 10:18:53.874 [info] > git cat-file -s 0c589eccd4d48e270e161a1ab91baee5e5f4b4bc [3ms]
2025-06-13 10:19:33.329 [info] > git show --textconv :src/index.css [7ms]
2025-06-13 10:19:33.330 [info] > git ls-files --stage -- src/index.css [3ms]
2025-06-13 10:19:33.337 [info] > git cat-file -s 08a3ac9e1e5c44ce374f782d7c4fa3aa70e4c1ff [2ms]
2025-06-13 10:19:37.841 [info] > git show --textconv :src/main.jsx [13ms]
2025-06-13 10:19:37.842 [info] > git ls-files --stage -- src/main.jsx [2ms]
2025-06-13 10:19:37.855 [info] > git cat-file -s b9a1a6deac8775b5598874b2bc3c7971d82cf211 [5ms]
2025-06-13 10:19:44.460 [info] > git show --textconv :src/App.jsx [20ms]
2025-06-13 10:19:44.462 [info] > git ls-files --stage -- src/App.jsx [4ms]
2025-06-13 10:19:44.473 [info] > git cat-file -s f67355ae04c4000eef464262481f6b02daa50789 [3ms]
2025-06-13 10:19:56.149 [info] > git show --textconv :src/index.css [12ms]
2025-06-13 10:19:56.150 [info] > git ls-files --stage -- src/index.css [1ms]
2025-06-13 10:19:56.158 [info] > git cat-file -s 08a3ac9e1e5c44ce374f782d7c4fa3aa70e4c1ff [2ms]
2025-06-13 10:19:57.498 [info] > git show --textconv :src/main.jsx [21ms]
2025-06-13 10:19:57.501 [info] > git ls-files --stage -- src/main.jsx [4ms]
2025-06-13 10:19:57.517 [info] > git cat-file -s b9a1a6deac8775b5598874b2bc3c7971d82cf211 [6ms]
2025-06-13 10:20:04.123 [info] > git show --textconv :.gitignore [18ms]
2025-06-13 10:20:04.125 [info] > git ls-files --stage -- .gitignore [3ms]
2025-06-13 10:20:04.134 [info] > git cat-file -s a547bf36d8d11a4f89c59c144f24795749086dd1 [2ms]
2025-06-13 10:20:05.157 [info] > git show --textconv :eslint.config.js [19ms]
2025-06-13 10:20:05.160 [info] > git ls-files --stage -- eslint.config.js [5ms]
2025-06-13 10:20:05.176 [info] > git cat-file -s ec2b712d301e7ddeca8327fc4b967069cc82047b [2ms]
2025-06-13 10:20:08.376 [info] > git show --textconv :src/App.jsx [18ms]
2025-06-13 10:20:08.380 [info] > git ls-files --stage -- src/App.jsx [6ms]
2025-06-13 10:20:08.399 [info] > git cat-file -s f67355ae04c4000eef464262481f6b02daa50789 [5ms]
2025-06-13 10:20:30.103 [info] > git show --textconv :index.html [15ms]
2025-06-13 10:20:30.104 [info] > git ls-files --stage -- index.html [3ms]
2025-06-13 10:20:30.118 [info] > git cat-file -s 0c589eccd4d48e270e161a1ab91baee5e5f4b4bc [2ms]
2025-06-13 10:20:32.852 [info] > git config --get commit.template [17ms]
2025-06-13 10:20:32.853 [info] > git for-each-ref --format=%(refname)%00%(upstream:short)%00%(objectname)%00%(upstream:track)%00%(upstream:remotename)%00%(upstream:remoteref) refs/heads/main refs/remotes/main [3ms]
2025-06-13 10:20:32.875 [info] > git status -z -uall [11ms]
2025-06-13 10:20:32.875 [info] > git for-each-ref --sort -committerdate --format %(refname)%00%(objectname)%00%(*objectname) [3ms]
2025-06-13 10:20:33.361 [info] > git show --textconv :src/App.jsx [10ms]
2025-06-13 10:20:33.363 [info] > git ls-files --stage -- src/App.jsx [3ms]
2025-06-13 10:20:33.373 [info] > git cat-file -s f67355ae04c4000eef464262481f6b02daa50789 [2ms]
2025-06-13 10:21:48.049 [info] > git config --get commit.template [28ms]
2025-06-13 10:21:48.051 [info] > git for-each-ref --format=%(refname)%00%(upstream:short)%00%(objectname)%00%(upstream:track)%00%(upstream:remotename)%00%(upstream:remoteref) refs/heads/main refs/remotes/main [5ms]
2025-06-13 10:21:48.123 [info] > git status -z -uall [37ms]
2025-06-13 10:21:48.138 [info] > git for-each-ref --sort -committerdate --format %(refname)%00%(objectname)%00%(*objectname) [24ms]
2025-06-13 10:21:51.805 [info] > git show --textconv :index.html [23ms]
2025-06-13 10:21:51.808 [info] > git ls-files --stage -- index.html [5ms]
2025-06-13 10:21:51.825 [info] > git cat-file -s 0c589eccd4d48e270e161a1ab91baee5e5f4b4bc [5ms]
2025-06-13 10:22:01.050 [info] > git show --textconv :src/App.jsx [17ms]
2025-06-13 10:22:01.055 [info] > git ls-files --stage -- src/App.jsx [9ms]
2025-06-13 10:22:01.070 [info] > git cat-file -s f67355ae04c4000eef464262481f6b02daa50789 [6ms]
2025-06-13 10:22:07.918 [info] > git show --textconv :src/main.jsx [20ms]
2025-06-13 10:22:07.921 [info] > git ls-files --stage -- src/main.jsx [4ms]
2025-06-13 10:22:07.939 [info] > git cat-file -s b9a1a6deac8775b5598874b2bc3c7971d82cf211 [3ms]
2025-06-13 10:22:12.062 [info] > git blame --root --incremental 73d673b4834c9bccb38249d11614699a84d92e6b -- src/main.jsx [3ms]
2025-06-13 10:24:35.856 [info] > git config --get commit.template [9ms]
2025-06-13 10:24:35.857 [info] > git for-each-ref --format=%(refname)%00%(upstream:short)%00%(objectname)%00%(upstream:track)%00%(upstream:remotename)%00%(upstream:remoteref) refs/heads/main refs/remotes/main [3ms]
2025-06-13 10:24:35.885 [info] > git status -z -uall [14ms]
2025-06-13 10:24:35.886 [info] > git for-each-ref --sort -committerdate --format %(refname)%00%(objectname)%00%(*objectname) [2ms]
2025-06-13 10:24:41.801 [info] > git config --get commit.template [3ms]
2025-06-13 10:24:41.816 [info] > git for-each-ref --format=%(refname)%00%(upstream:short)%00%(objectname)%00%(upstream:track)%00%(upstream:remotename)%00%(upstream:remoteref) refs/heads/main refs/remotes/main [4ms]
2025-06-13 10:24:41.847 [info] > git status -z -uall [22ms]
2025-06-13 10:24:41.849 [info] > git for-each-ref --sort -committerdate --format %(refname)%00%(objectname)%00%(*objectname) [4ms]
2025-06-13 10:24:46.986 [info] > git show --textconv :src/App.jsx [12ms]
2025-06-13 10:24:46.987 [info] > git ls-files --stage -- src/App.jsx [2ms]
2025-06-13 10:24:46.999 [info] > git cat-file -s f67355ae04c4000eef464262481f6b02daa50789 [2ms]
2025-06-13 10:25:18.982 [info] > git config --get commit.template [2ms]
2025-06-13 10:25:19.007 [info] > git for-each-ref --format=%(refname)%00%(upstream:short)%00%(objectname)%00%(upstream:track)%00%(upstream:remotename)%00%(upstream:remoteref) refs/heads/main refs/remotes/main [6ms]
2025-06-13 10:25:19.043 [info] > git status -z -uall [21ms]
2025-06-13 10:25:19.045 [info] > git for-each-ref --sort -committerdate --format %(refname)%00%(objectname)%00%(*objectname) [2ms]
2025-06-13 10:25:34.193 [info] > git show --textconv :src/main.jsx [14ms]
2025-06-13 10:25:34.195 [info] > git ls-files --stage -- src/main.jsx [3ms]
2025-06-13 10:25:34.205 [info] > git cat-file -s b9a1a6deac8775b5598874b2bc3c7971d82cf211 [3ms]
2025-06-13 10:25:38.965 [info] > git show --textconv :src/App.jsx [21ms]
2025-06-13 10:25:38.967 [info] > git ls-files --stage -- src/App.jsx [3ms]
2025-06-13 10:25:38.978 [info] > git cat-file -s f67355ae04c4000eef464262481f6b02daa50789 [2ms]
2025-06-13 10:25:50.092 [info] > git show --textconv :src/main.jsx [27ms]
2025-06-13 10:25:50.094 [info] > git ls-files --stage -- src/main.jsx [5ms]
2025-06-13 10:25:50.109 [info] > git cat-file -s b9a1a6deac8775b5598874b2bc3c7971d82cf211 [5ms]
2025-06-13 10:26:00.250 [info] > git show --textconv :src/App.jsx [11ms]
2025-06-13 10:26:00.253 [info] > git ls-files --stage -- src/App.jsx [4ms]
2025-06-13 10:26:00.262 [info] > git cat-file -s f67355ae04c4000eef464262481f6b02daa50789 [2ms]
2025-06-13 10:26:06.472 [info] > git check-ignore -v -z --stdin [1ms]
2025-06-13 10:26:07.057 [info] > git config --get commit.template [21ms]
2025-06-13 10:26:07.059 [info] > git for-each-ref --format=%(refname)%00%(upstream:short)%00%(objectname)%00%(upstream:track)%00%(upstream:remotename)%00%(upstream:remoteref) refs/heads/main refs/remotes/main [3ms]
2025-06-13 10:26:07.081 [info] > git status -z -uall [9ms]
2025-06-13 10:26:07.081 [info] > git for-each-ref --sort -committerdate --format %(refname)%00%(objectname)%00%(*objectname) [2ms]
2025-06-13 10:26:21.663 [info] > git show --textconv :src/components/card.jsx [13ms]
2025-06-13 10:26:21.679 [info] > git ls-files --stage -- src/components/card.jsx [18ms]
2025-06-13 10:26:21.695 [info] > git hash-object -t tree /dev/null [19ms]
2025-06-13 10:26:21.696 [warning] [GitFileSystemProvider][readFile] File not found - git:/home/movved/Documents/projex/pomodoro_react/pomodoro/src/components/card.jsx.git?%7B%22path%22%3A%22%2Fhome%2Fmovved%2FDocuments%2Fprojex%2Fpomodoro_react%2Fpomodoro%2Fsrc%2Fcomponents%2Fcard.jsx%22%2C%22ref%22%3A%22%22%7D
2025-06-13 10:26:21.700 [info] > git hash-object -t tree /dev/null [7ms]
2025-06-13 10:26:21.700 [warning] [GitFileSystemProvider][stat] File not found - git:/home/movved/Documents/projex/pomodoro_react/pomodoro/src/components/card.jsx.git?%7B%22path%22%3A%22%2Fhome%2Fmovved%2FDocuments%2Fprojex%2Fpomodoro_react%2Fpomodoro%2Fsrc%2Fcomponents%2Fcard.jsx%22%2C%22ref%22%3A%22%22%7D
2025-06-13 10:26:21.883 [info] > git check-ignore -v -z --stdin [2ms]
2025-06-13 10:26:22.607 [info] > git config --get commit.template [22ms]
2025-06-13 10:26:22.612 [info] > git for-each-ref --format=%(refname)%00%(upstream:short)%00%(objectname)%00%(upstream:track)%00%(upstream:remotename)%00%(upstream:remoteref) refs/heads/main refs/remotes/main [7ms]
2025-06-13 10:26:22.640 [info] > git status -z -uall [12ms]
2025-06-13 10:26:22.642 [info] > git for-each-ref --sort -committerdate --format %(refname)%00%(objectname)%00%(*objectname) [3ms]
2025-06-13 10:26:24.784 [info] > git show --textconv :src/App.jsx [11ms]
2025-06-13 10:26:24.787 [info] > git ls-files --stage -- src/App.jsx [4ms]
2025-06-13 10:26:24.797 [info] > git cat-file -s f67355ae04c4000eef464262481f6b02daa50789 [3ms]
2025-06-13 10:26:39.135 [info] > git show --textconv :src/components/Card.jsx [12ms]
2025-06-13 10:26:39.136 [warning] [GitFileSystemProvider][readFile] File not found - git:/home/movved/Documents/projex/pomodoro_react/pomodoro/src/components/Card.jsx.git?%7B%22path%22%3A%22%2Fhome%2Fmovved%2FDocuments%2Fprojex%2Fpomodoro_react%2Fpomodoro%2Fsrc%2Fcomponents%2FCard.jsx%22%2C%22ref%22%3A%22%22%7D
2025-06-13 10:26:39.137 [info] > git ls-files --stage -- src/components/Card.jsx [3ms]
2025-06-13 10:26:39.137 [warning] [GitFileSystemProvider][stat] File not found - git:/home/movved/Documents/projex/pomodoro_react/pomodoro/src/components/Card.jsx.git?%7B%22path%22%3A%22%2Fhome%2Fmovved%2FDocuments%2Fprojex%2Fpomodoro_react%2Fpomodoro%2Fsrc%2Fcomponents%2FCard.jsx%22%2C%22ref%22%3A%22%22%7D
2025-06-13 10:26:39.405 [info] > git check-ignore -v -z --stdin [1ms]
2025-06-13 10:26:39.938 [info] > git config --get commit.template [21ms]
2025-06-13 10:26:39.941 [info] > git for-each-ref --format=%(refname)%00%(upstream:short)%00%(objectname)%00%(upstream:track)%00%(upstream:remotename)%00%(upstream:remoteref) refs/heads/main refs/remotes/main [5ms]
2025-06-13 10:26:39.985 [info] > git status -z -uall [19ms]
2025-06-13 10:26:39.987 [info] > git for-each-ref --sort -committerdate --format %(refname)%00%(objectname)%00%(*objectname) [3ms]
2025-06-13 10:26:40.471 [info] > git show --textconv :src/App.jsx [25ms]
2025-06-13 10:26:40.473 [info] > git ls-files --stage -- src/App.jsx [5ms]
2025-06-13 10:26:40.487 [info] > git cat-file -s f67355ae04c4000eef464262481f6b02daa50789 [2ms]
2025-06-13 10:27:02.270 [info] > git show --textconv :src/App.jsx [10ms]
2025-06-13 10:27:02.273 [info] > git ls-files --stage -- src/App.jsx [4ms]
2025-06-13 10:27:02.284 [info] > git cat-file -s f67355ae04c4000eef464262481f6b02daa50789 [2ms]
2025-06-13 10:27:07.046 [info] > git show --textconv :src/App.jsx [16ms]
2025-06-13 10:27:07.048 [info] > git ls-files --stage -- src/App.jsx [4ms]
2025-06-13 10:27:07.067 [info] > git cat-file -s f67355ae04c4000eef464262481f6b02daa50789 [2ms]
2025-06-13 10:27:25.825 [info] > git show --textconv :src/App.jsx [22ms]
2025-06-13 10:27:25.828 [info] > git ls-files --stage -- src/App.jsx [8ms]
2025-06-13 10:27:25.843 [info] > git cat-file -s f67355ae04c4000eef464262481f6b02daa50789 [5ms]
2025-06-13 10:27:39.073 [info] > git config --get commit.template [29ms]
2025-06-13 10:27:39.074 [info] > git for-each-ref --format=%(refname)%00%(upstream:short)%00%(objectname)%00%(upstream:track)%00%(upstream:remotename)%00%(upstream:remoteref) refs/heads/main refs/remotes/main [11ms]
2025-06-13 10:27:39.096 [info] > git status -z -uall [10ms]
2025-06-13 10:27:39.098 [info] > git for-each-ref --sort -committerdate --format %(refname)%00%(objectname)%00%(*objectname) [2ms]
2025-06-13 10:27:49.064 [info] > git config --get commit.template [17ms]
2025-06-13 10:27:49.066 [info] > git for-each-ref --format=%(refname)%00%(upstream:short)%00%(objectname)%00%(upstream:track)%00%(upstream:remotename)%00%(upstream:remoteref) refs/heads/main refs/remotes/main [3ms]
2025-06-13 10:27:49.096 [info] > git status -z -uall [17ms]
2025-06-13 10:27:49.097 [info] > git for-each-ref --sort -committerdate --format %(refname)%00%(objectname)%00%(*objectname) [3ms]
2025-06-13 10:27:53.925 [info] > git show --textconv :src/main.jsx [20ms]
2025-06-13 10:27:53.927 [info] > git ls-files --stage -- src/main.jsx [3ms]
2025-06-13 10:27:53.940 [info] > git cat-file -s b9a1a6deac8775b5598874b2bc3c7971d82cf211 [3ms]
2025-06-13 10:28:07.131 [info] > git config --get commit.template [29ms]
2025-06-13 10:28:07.132 [info] > git for-each-ref --format=%(refname)%00%(upstream:short)%00%(objectname)%00%(upstream:track)%00%(upstream:remotename)%00%(upstream:remoteref) refs/heads/main refs/remotes/main [3ms]
2025-06-13 10:28:07.201 [info] > git status -z -uall [42ms]
2025-06-13 10:28:07.204 [info] > git for-each-ref --sort -committerdate --format %(refname)%00%(objectname)%00%(*objectname) [7ms]
2025-06-13 10:28:15.482 [info] > git show --textconv :src/App.jsx [17ms]
2025-06-13 10:28:15.485 [info] > git ls-files --stage -- src/App.jsx [7ms]
2025-06-13 10:28:15.500 [info] > git cat-file -s f67355ae04c4000eef464262481f6b02daa50789 [6ms]
2025-06-13 10:28:20.307 [info] > git config --get commit.template [21ms]
2025-06-13 10:28:20.309 [info] > git for-each-ref --format=%(refname)%00%(upstream:short)%00%(objectname)%00%(upstream:track)%00%(upstream:remotename)%00%(upstream:remoteref) refs/heads/main refs/remotes/main [3ms]
2025-06-13 10:28:20.354 [info] > git status -z -uall [23ms]
2025-06-13 10:28:20.358 [info] > git for-each-ref --sort -committerdate --format %(refname)%00%(objectname)%00%(*objectname) [8ms]
2025-06-13 10:28:22.769 [info] > git show --textconv :src/main.jsx [14ms]
2025-06-13 10:28:22.772 [info] > git ls-files --stage -- src/main.jsx [4ms]
2025-06-13 10:28:22.785 [info] > git cat-file -s b9a1a6deac8775b5598874b2bc3c7971d82cf211 [3ms]
2025-06-13 10:28:24.655 [info] > git show --textconv :src/App.jsx [20ms]
2025-06-13 10:28:24.656 [info] > git ls-files --stage -- src/App.jsx [3ms]
2025-06-13 10:28:24.670 [info] > git cat-file -s f67355ae04c4000eef464262481f6b02daa50789 [3ms]
2025-06-13 10:28:25.410 [info] > git config --get commit.template [14ms]
2025-06-13 10:28:25.413 [info] > git for-each-ref --format=%(refname)%00%(upstream:short)%00%(objectname)%00%(upstream:track)%00%(upstream:remotename)%00%(upstream:remoteref) refs/heads/main refs/remotes/main [3ms]
2025-06-13 10:28:25.436 [info] > git status -z -uall [14ms]
2025-06-13 10:28:25.437 [info] > git for-each-ref --sort -committerdate --format %(refname)%00%(objectname)%00%(*objectname) [2ms]
2025-06-13 10:28:36.373 [info] > git show --textconv :src/App.jsx [15ms]
2025-06-13 10:28:36.374 [info] > git ls-files --stage -- src/App.jsx [2ms]
2025-06-13 10:28:36.388 [info] > git cat-file -s f67355ae04c4000eef464262481f6b02daa50789 [2ms]
2025-06-13 10:29:56.028 [info] > git check-ignore -v -z --stdin [3ms]
2025-06-13 10:29:56.479 [info] > git config --get commit.template [2ms]
2025-06-13 10:29:56.493 [info] > git for-each-ref --format=%(refname)%00%(upstream:short)%00%(objectname)%00%(upstream:track)%00%(upstream:remotename)%00%(upstream:remoteref) refs/heads/main refs/remotes/main [2ms]
2025-06-13 10:29:56.514 [info] > git status -z -uall [10ms]
2025-06-13 10:29:56.516 [info] > git for-each-ref --sort -committerdate --format %(refname)%00%(objectname)%00%(*objectname) [2ms]
2025-06-13 10:30:39.969 [info] > git config --get commit.template [3ms]
2025-06-13 10:30:39.982 [info] > git for-each-ref --format=%(refname)%00%(upstream:short)%00%(objectname)%00%(upstream:track)%00%(upstream:remotename)%00%(upstream:remoteref) refs/heads/main refs/remotes/main [3ms]
2025-06-13 10:30:40.003 [info] > git status -z -uall [10ms]
2025-06-13 10:30:40.005 [info] > git for-each-ref --sort -committerdate --format %(refname)%00%(objectname)%00%(*objectname) [3ms]
2025-06-13 10:31:26.437 [info] > git show --textconv :index.html [11ms]
2025-06-13 10:31:26.439 [info] > git ls-files --stage -- index.html [4ms]
2025-06-13 10:31:26.451 [info] > git cat-file -s 0c589eccd4d48e270e161a1ab91baee5e5f4b4bc [1ms]
2025-06-13 10:31:36.364 [info] > git show --textconv :src/App.jsx [14ms]
2025-06-13 10:31:36.365 [info] > git ls-files --stage -- src/App.jsx [2ms]
2025-06-13 10:31:36.377 [info] > git cat-file -s f67355ae04c4000eef464262481f6b02daa50789 [4ms]
2025-06-13 10:32:26.458 [info] > git config --get commit.template [23ms]
2025-06-13 10:32:26.460 [info] > git for-each-ref --format=%(refname)%00%(upstream:short)%00%(objectname)%00%(upstream:track)%00%(upstream:remotename)%00%(upstream:remoteref) refs/heads/main refs/remotes/main [5ms]
2025-06-13 10:32:26.486 [info] > git status -z -uall [9ms]
2025-06-13 10:32:26.487 [info] > git for-each-ref --sort -committerdate --format %(refname)%00%(objectname)%00%(*objectname) [2ms]
2025-06-13 10:41:58.608 [info] > git show --textconv :vite.config.js [22ms]
2025-06-13 10:41:58.610 [info] > git ls-files --stage -- vite.config.js [4ms]
2025-06-13 10:41:58.627 [info] > git cat-file -s 8b0f57b91aeb45c54467e29f983a0893dc83c4d9 [2ms]
2025-06-13 10:42:29.481 [info] > git blame --root --incremental 73d673b4834c9bccb38249d11614699a84d92e6b -- vite.config.js [3ms]
2025-06-13 10:43:23.891 [info] > git show --textconv :src/App.jsx [12ms]
2025-06-13 10:43:23.892 [info] > git ls-files --stage -- src/App.jsx [2ms]
2025-06-13 10:43:23.906 [info] > git cat-file -s f67355ae04c4000eef464262481f6b02daa50789 [6ms]
2025-06-13 10:43:28.535 [info] > git check-ignore -v -z --stdin [11ms]
2025-06-13 10:43:29.113 [info] > git config --get commit.template [5ms]
2025-06-13 10:43:29.139 [info] > git for-each-ref --format=%(refname)%00%(upstream:short)%00%(objectname)%00%(upstream:track)%00%(upstream:remotename)%00%(upstream:remoteref) refs/heads/main refs/remotes/main [7ms]
2025-06-13 10:43:29.178 [info] > git status -z -uall [18ms]
2025-06-13 10:43:29.180 [info] > git for-each-ref --sort -committerdate --format %(refname)%00%(objectname)%00%(*objectname) [3ms]
2025-06-13 10:43:43.596 [info] > git show --textconv :src/styles/card.css [17ms]
2025-06-13 10:43:43.597 [warning] [GitFileSystemProvider][readFile] File not found - git:/home/movved/Documents/projex/pomodoro_react/pomodoro/src/styles/card.css.git?%7B%22path%22%3A%22%2Fhome%2Fmovved%2FDocuments%2Fprojex%2Fpomodoro_react%2Fpomodoro%2Fsrc%2Fstyles%2Fcard.css%22%2C%22ref%22%3A%22%22%7D
2025-06-13 10:43:43.606 [info] > git ls-files --stage -- src/styles/card.css [11ms]
2025-06-13 10:43:43.607 [warning] [GitFileSystemProvider][stat] File not found - git:/home/movved/Documents/projex/pomodoro_react/pomodoro/src/styles/card.css.git?%7B%22path%22%3A%22%2Fhome%2Fmovved%2FDocuments%2Fprojex%2Fpomodoro_react%2Fpomodoro%2Fsrc%2Fstyles%2Fcard.css%22%2C%22ref%22%3A%22%22%7D
2025-06-13 10:43:43.857 [info] > git check-ignore -v -z --stdin [4ms]
2025-06-13 10:43:44.458 [info] > git config --get commit.template [14ms]
2025-06-13 10:43:44.459 [info] > git for-each-ref --format=%(refname)%00%(upstream:short)%00%(objectname)%00%(upstream:track)%00%(upstream:remotename)%00%(upstream:remoteref) refs/heads/main refs/remotes/main [3ms]
2025-06-13 10:43:44.488 [info] > git status -z -uall [15ms]
2025-06-13 10:43:44.492 [info] > git for-each-ref --sort -committerdate --format %(refname)%00%(objectname)%00%(*objectname) [7ms]
2025-06-13 10:43:49.539 [info] > git config --get commit.template [21ms]
2025-06-13 10:43:49.543 [info] > git for-each-ref --format=%(refname)%00%(upstream:short)%00%(objectname)%00%(upstream:track)%00%(upstream:remotename)%00%(upstream:remoteref) refs/heads/main refs/remotes/main [6ms]
2025-06-13 10:43:49.576 [info] > git status -z -uall [15ms]
2025-06-13 10:43:49.577 [info] > git for-each-ref --sort -committerdate --format %(refname)%00%(objectname)%00%(*objectname) [2ms]
2025-06-13 10:46:51.118 [info] > git show --textconv :src/App.jsx [18ms]
2025-06-13 10:46:51.120 [info] > git ls-files --stage -- src/App.jsx [3ms]
2025-06-13 10:46:51.131 [info] > git cat-file -s f67355ae04c4000eef464262481f6b02daa50789 [2ms]
2025-06-13 10:47:15.952 [info] > git config --get commit.template [14ms]
2025-06-13 10:47:15.953 [info] > git for-each-ref --format=%(refname)%00%(upstream:short)%00%(objectname)%00%(upstream:track)%00%(upstream:remotename)%00%(upstream:remoteref) refs/heads/main refs/remotes/main [2ms]
2025-06-13 10:47:15.976 [info] > git status -z -uall [12ms]
2025-06-13 10:47:15.978 [info] > git for-each-ref --sort -committerdate --format %(refname)%00%(objectname)%00%(*objectname) [4ms]
2025-06-13 10:47:32.688 [info] > git show --textconv :src/App.jsx [12ms]
2025-06-13 10:47:32.690 [info] > git ls-files --stage -- src/App.jsx [3ms]
2025-06-13 10:47:32.700 [info] > git cat-file -s f67355ae04c4000eef464262481f6b02daa50789 [2ms]
2025-06-13 10:47:51.616 [info] > git check-ignore -v -z --stdin [1ms]
2025-06-13 10:48:07.441 [info] > git config --get commit.template [10ms]
2025-06-13 10:48:07.442 [info] > git for-each-ref --format=%(refname)%00%(upstream:short)%00%(objectname)%00%(upstream:track)%00%(upstream:remotename)%00%(upstream:remoteref) refs/heads/main refs/remotes/main [2ms]
2025-06-13 10:48:07.461 [info] > git status -z -uall [10ms]
2025-06-13 10:48:07.462 [info] > git for-each-ref --sort -committerdate --format %(refname)%00%(objectname)%00%(*objectname) [2ms]
2025-06-13 10:55:21.561 [info] > git config --get commit.template [25ms]
2025-06-13 10:55:21.565 [info] > git for-each-ref --format=%(refname)%00%(upstream:short)%00%(objectname)%00%(upstream:track)%00%(upstream:remotename)%00%(upstream:remoteref) refs/heads/main refs/remotes/main [9ms]
2025-06-13 10:55:21.593 [info] > git status -z -uall [16ms]
2025-06-13 10:55:21.596 [info] > git for-each-ref --sort -committerdate --format %(refname)%00%(objectname)%00%(*objectname) [6ms]
2025-06-13 10:56:12.529 [info] > git config --get commit.template [10ms]
2025-06-13 10:56:12.530 [info] > git for-each-ref --format=%(refname)%00%(upstream:short)%00%(objectname)%00%(upstream:track)%00%(upstream:remotename)%00%(upstream:remoteref) refs/heads/main refs/remotes/main [2ms]
2025-06-13 10:56:12.549 [info] > git status -z -uall [8ms]
2025-06-13 10:56:12.551 [info] > git for-each-ref --sort -committerdate --format %(refname)%00%(objectname)%00%(*objectname) [2ms]
2025-06-13 10:56:19.909 [info] > git config --get commit.template [4ms]
2025-06-13 10:56:19.943 [info] > git for-each-ref --format=%(refname)%00%(upstream:short)%00%(objectname)%00%(upstream:track)%00%(upstream:remotename)%00%(upstream:remoteref) refs/heads/main refs/remotes/main [7ms]
2025-06-13 10:56:19.998 [info] > git status -z -uall [29ms]
2025-06-13 10:56:20.003 [info] > git for-each-ref --sort -committerdate --format %(refname)%00%(objectname)%00%(*objectname) [6ms]
2025-06-13 10:56:46.868 [info] > git show --textconv :src/App.jsx [15ms]
2025-06-13 10:56:46.871 [info] > git ls-files --stage -- src/App.jsx [8ms]
2025-06-13 10:56:46.890 [info] > git cat-file -s f67355ae04c4000eef464262481f6b02daa50789 [8ms]
2025-06-13 10:57:10.176 [info] > git config --get commit.template [9ms]
2025-06-13 10:57:10.177 [info] > git for-each-ref --format=%(refname)%00%(upstream:short)%00%(objectname)%00%(upstream:track)%00%(upstream:remotename)%00%(upstream:remoteref) refs/heads/main refs/remotes/main [3ms]
2025-06-13 10:57:10.192 [info] > git status -z -uall [7ms]
2025-06-13 10:57:10.193 [info] > git for-each-ref --sort -committerdate --format %(refname)%00%(objectname)%00%(*objectname) [2ms]
2025-06-13 10:57:54.626 [info] > git config --get commit.template [5ms]
2025-06-13 10:57:54.658 [info] > git for-each-ref --format=%(refname)%00%(upstream:short)%00%(objectname)%00%(upstream:track)%00%(upstream:remotename)%00%(upstream:remoteref) refs/heads/main refs/remotes/main [13ms]
2025-06-13 10:57:54.731 [info] > git status -z -uall [42ms]
2025-06-13 10:57:54.734 [info] > git for-each-ref --sort -committerdate --format %(refname)%00%(objectname)%00%(*objectname) [8ms]
2025-06-13 10:57:57.712 [info] > git show --textconv :vite.config.js [14ms]
2025-06-13 10:57:57.714 [info] > git ls-files --stage -- vite.config.js [3ms]
2025-06-13 10:57:57.735 [info] > git cat-file -s 8b0f57b91aeb45c54467e29f983a0893dc83c4d9 [5ms]
2025-06-13 10:58:00.704 [info] > git config --get commit.template [26ms]
2025-06-13 10:58:00.709 [info] > git for-each-ref --format=%(refname)%00%(upstream:short)%00%(objectname)%00%(upstream:track)%00%(upstream:remotename)%00%(upstream:remoteref) refs/heads/main refs/remotes/main [7ms]
2025-06-13 10:58:00.777 [info] > git status -z -uall [40ms]
2025-06-13 10:58:00.781 [info] > git for-each-ref --sort -committerdate --format %(refname)%00%(objectname)%00%(*objectname) [10ms]
2025-06-13 10:58:09.353 [info] > git config --get commit.template [7ms]
2025-06-13 10:58:09.355 [info] > git for-each-ref --format=%(refname)%00%(upstream:short)%00%(objectname)%00%(upstream:track)%00%(upstream:remotename)%00%(upstream:remoteref) refs/heads/main refs/remotes/main [2ms]
2025-06-13 10:58:09.369 [info] > git status -z -uall [7ms]
2025-06-13 10:58:09.370 [info] > git for-each-ref --sort -committerdate --format %(refname)%00%(objectname)%00%(*objectname) [1ms]
2025-06-13 10:58:12.317 [info] > git show --textconv :src/App.jsx [20ms]
2025-06-13 10:58:12.319 [info] > git ls-files --stage -- src/App.jsx [3ms]
2025-06-13 10:58:12.333 [info] > git cat-file -s f67355ae04c4000eef464262481f6b02daa50789 [2ms]
2025-06-13 10:59:13.677 [info] > git config --get commit.template [22ms]
2025-06-13 10:59:13.680 [info] > git for-each-ref --format=%(refname)%00%(upstream:short)%00%(objectname)%00%(upstream:track)%00%(upstream:remotename)%00%(upstream:remoteref) refs/heads/main refs/remotes/main [8ms]
2025-06-13 10:59:13.721 [info] > git status -z -uall [17ms]
2025-06-13 10:59:13.723 [info] > git for-each-ref --sort -committerdate --format %(refname)%00%(objectname)%00%(*objectname) [2ms]
2025-06-13 10:59:22.032 [info] > git show --textconv :src/index.css [19ms]
2025-06-13 10:59:22.034 [info] > git ls-files --stage -- src/index.css [3ms]
2025-06-13 10:59:22.045 [info] > git cat-file -s 08a3ac9e1e5c44ce374f782d7c4fa3aa70e4c1ff [2ms]
2025-06-13 10:59:23.024 [info] > git blame --root --incremental 73d673b4834c9bccb38249d11614699a84d92e6b -- src/index.css [12ms]
2025-06-13 10:59:33.240 [info] > git config --get commit.template [44ms]
2025-06-13 10:59:33.243 [info] > git for-each-ref --format=%(refname)%00%(upstream:short)%00%(objectname)%00%(upstream:track)%00%(upstream:remotename)%00%(upstream:remoteref) refs/heads/main refs/remotes/main [7ms]
2025-06-13 10:59:33.300 [info] > git status -z -uall [27ms]
2025-06-13 10:59:33.302 [info] > git for-each-ref --sort -committerdate --format %(refname)%00%(objectname)%00%(*objectname) [3ms]
2025-06-13 11:01:13.580 [info] > git config --get commit.template [20ms]
2025-06-13 11:01:13.590 [info] > git for-each-ref --format=%(refname)%00%(upstream:short)%00%(objectname)%00%(upstream:track)%00%(upstream:remotename)%00%(upstream:remoteref) refs/heads/main refs/remotes/main [11ms]
2025-06-13 11:01:13.616 [info] > git status -z -uall [10ms]
2025-06-13 11:01:13.618 [info] > git for-each-ref --sort -committerdate --format %(refname)%00%(objectname)%00%(*objectname) [3ms]
2025-06-13 11:02:23.104 [info] > git config --get commit.template [54ms]
2025-06-13 11:02:23.138 [info] > git for-each-ref --format=%(refname)%00%(upstream:short)%00%(objectname)%00%(upstream:track)%00%(upstream:remotename)%00%(upstream:remoteref) refs/heads/main refs/remotes/main [42ms]
2025-06-13 11:02:23.226 [info] > git status -z -uall [55ms]
2025-06-13 11:02:23.233 [info] > git for-each-ref --sort -committerdate --format %(refname)%00%(objectname)%00%(*objectname) [14ms]
2025-06-13 11:02:40.383 [info] > git config --get commit.template [20ms]
2025-06-13 11:02:40.387 [info] > git for-each-ref --format=%(refname)%00%(upstream:short)%00%(objectname)%00%(upstream:track)%00%(upstream:remotename)%00%(upstream:remoteref) refs/heads/main refs/remotes/main [5ms]
2025-06-13 11:02:40.443 [info] > git status -z -uall [27ms]
2025-06-13 11:02:40.445 [info] > git for-each-ref --sort -committerdate --format %(refname)%00%(objectname)%00%(*objectname) [4ms]
2025-06-13 11:02:45.480 [info] > git config --get commit.template [21ms]
2025-06-13 11:02:45.484 [info] > git for-each-ref --format=%(refname)%00%(upstream:short)%00%(objectname)%00%(upstream:track)%00%(upstream:remotename)%00%(upstream:remoteref) refs/heads/main refs/remotes/main [8ms]
2025-06-13 11:02:45.529 [info] > git status -z -uall [31ms]
2025-06-13 11:02:45.534 [info] > git for-each-ref --sort -committerdate --format %(refname)%00%(objectname)%00%(*objectname) [11ms]
2025-06-13 11:02:57.470 [info] > git config --get commit.template [19ms]
2025-06-13 11:02:57.472 [info] > git for-each-ref --format=%(refname)%00%(upstream:short)%00%(objectname)%00%(upstream:track)%00%(upstream:remotename)%00%(upstream:remoteref) refs/heads/main refs/remotes/main [3ms]
2025-06-13 11:02:57.530 [info] > git status -z -uall [42ms]
2025-06-13 11:02:57.534 [info] > git for-each-ref --sort -committerdate --format %(refname)%00%(objectname)%00%(*objectname) [8ms]
2025-06-13 11:04:17.850 [info] > git check-ignore -v -z --stdin [2ms]
2025-06-13 11:04:18.418 [info] > git config --get commit.template [5ms]
2025-06-13 11:04:18.432 [info] > git for-each-ref --format=%(refname)%00%(upstream:short)%00%(objectname)%00%(upstream:track)%00%(upstream:remotename)%00%(upstream:remoteref) refs/heads/main refs/remotes/main [3ms]
2025-06-13 11:04:18.451 [info] > git status -z -uall [10ms]
2025-06-13 11:04:18.453 [info] > git for-each-ref --sort -committerdate --format %(refname)%00%(objectname)%00%(*objectname) [2ms]
2025-06-13 11:04:27.116 [info] > git config --get commit.template [13ms]
2025-06-13 11:04:27.117 [info] > git for-each-ref --format=%(refname)%00%(upstream:short)%00%(objectname)%00%(upstream:track)%00%(upstream:remotename)%00%(upstream:remoteref) refs/heads/main refs/remotes/main [2ms]
2025-06-13 11:04:27.132 [info] > git status -z -uall [7ms]
2025-06-13 11:04:27.134 [info] > git for-each-ref --sort -committerdate --format %(refname)%00%(objectname)%00%(*objectname) [2ms]
2025-06-13 11:05:20.768 [info] > git config --get commit.template [9ms]
2025-06-13 11:05:20.800 [info] > git for-each-ref --format=%(refname)%00%(upstream:short)%00%(objectname)%00%(upstream:track)%00%(upstream:remotename)%00%(upstream:remoteref) refs/heads/main refs/remotes/main [9ms]
2025-06-13 11:05:20.840 [info] > git status -z -uall [17ms]
2025-06-13 11:05:20.841 [info] > git for-each-ref --sort -committerdate --format %(refname)%00%(objectname)%00%(*objectname) [4ms]
2025-06-13 11:05:32.308 [info] > git config --get commit.template [17ms]
2025-06-13 11:05:32.309 [info] > git for-each-ref --format=%(refname)%00%(upstream:short)%00%(objectname)%00%(upstream:track)%00%(upstream:remotename)%00%(upstream:remoteref) refs/heads/main refs/remotes/main [3ms]
2025-06-13 11:05:32.365 [info] > git status -z -uall [29ms]
2025-06-13 11:05:32.370 [info] > git for-each-ref --sort -committerdate --format %(refname)%00%(objectname)%00%(*objectname) [9ms]
2025-06-13 11:05:54.058 [info] > git config --get commit.template [42ms]
2025-06-13 11:05:54.062 [info] > git for-each-ref --format=%(refname)%00%(upstream:short)%00%(objectname)%00%(upstream:track)%00%(upstream:remotename)%00%(upstream:remoteref) refs/heads/main refs/remotes/main [15ms]
2025-06-13 11:05:54.121 [info] > git status -z -uall [29ms]
2025-06-13 11:05:54.123 [info] > git for-each-ref --sort -committerdate --format %(refname)%00%(objectname)%00%(*objectname) [2ms]
2025-06-13 11:06:17.091 [info] > git config --get commit.template [3ms]
2025-06-13 11:06:17.119 [info] > git for-each-ref --format=%(refname)%00%(upstream:short)%00%(objectname)%00%(upstream:track)%00%(upstream:remotename)%00%(upstream:remoteref) refs/heads/main refs/remotes/main [12ms]
2025-06-13 11:06:17.176 [info] > git status -z -uall [34ms]
2025-06-13 11:06:17.182 [info] > git for-each-ref --sort -committerdate --format %(refname)%00%(objectname)%00%(*objectname) [10ms]
2025-06-13 11:08:11.034 [info] > git config --get commit.template [33ms]
2025-06-13 11:08:11.035 [info] > git for-each-ref --format=%(refname)%00%(upstream:short)%00%(objectname)%00%(upstream:track)%00%(upstream:remotename)%00%(upstream:remoteref) refs/heads/main refs/remotes/main [6ms]
2025-06-13 11:08:11.104 [info] > git status -z -uall [30ms]
2025-06-13 11:08:11.109 [info] > git for-each-ref --sort -committerdate --format %(refname)%00%(objectname)%00%(*objectname) [9ms]
2025-06-13 11:08:27.087 [info] > git config --get commit.template [14ms]
2025-06-13 11:08:27.091 [info] > git for-each-ref --format=%(refname)%00%(upstream:short)%00%(objectname)%00%(upstream:track)%00%(upstream:remotename)%00%(upstream:remoteref) refs/heads/main refs/remotes/main [5ms]
2025-06-13 11:08:27.133 [info] > git status -z -uall [22ms]
2025-06-13 11:08:27.138 [info] > git for-each-ref --sort -committerdate --format %(refname)%00%(objectname)%00%(*objectname) [9ms]
2025-06-13 11:08:32.190 [info] > git config --get commit.template [21ms]
2025-06-13 11:08:32.192 [info] > git for-each-ref --format=%(refname)%00%(upstream:short)%00%(objectname)%00%(upstream:track)%00%(upstream:remotename)%00%(upstream:remoteref) refs/heads/main refs/remotes/main [5ms]
2025-06-13 11:08:32.217 [info] > git status -z -uall [13ms]
2025-06-13 11:08:32.218 [info] > git for-each-ref --sort -committerdate --format %(refname)%00%(objectname)%00%(*objectname) [3ms]
2025-06-13 11:09:44.560 [info] > git config --get commit.template [37ms]
2025-06-13 11:09:44.570 [info] > git for-each-ref --format=%(refname)%00%(upstream:short)%00%(objectname)%00%(upstream:track)%00%(upstream:remotename)%00%(upstream:remoteref) refs/heads/main refs/remotes/main [19ms]
2025-06-13 11:09:44.641 [info] > git status -z -uall [43ms]
2025-06-13 11:09:44.645 [info] > git for-each-ref --sort -committerdate --format %(refname)%00%(objectname)%00%(*objectname) [8ms]
2025-06-13 11:11:25.580 [info] > git config --get commit.template [17ms]
2025-06-13 11:11:25.582 [info] > git for-each-ref --format=%(refname)%00%(upstream:short)%00%(objectname)%00%(upstream:track)%00%(upstream:remotename)%00%(upstream:remoteref) refs/heads/main refs/remotes/main [3ms]
2025-06-13 11:11:25.630 [info] > git status -z -uall [23ms]
2025-06-13 11:11:25.634 [info] > git for-each-ref --sort -committerdate --format %(refname)%00%(objectname)%00%(*objectname) [9ms]
2025-06-13 11:11:39.611 [info] > git config --get commit.template [17ms]
2025-06-13 11:11:39.613 [info] > git for-each-ref --format=%(refname)%00%(upstream:short)%00%(objectname)%00%(upstream:track)%00%(upstream:remotename)%00%(upstream:remoteref) refs/heads/main refs/remotes/main [3ms]
2025-06-13 11:11:39.673 [info] > git status -z -uall [33ms]
2025-06-13 11:11:39.678 [info] > git for-each-ref --sort -committerdate --format %(refname)%00%(objectname)%00%(*objectname) [10ms]
2025-06-13 11:11:44.701 [info] > git config --get commit.template [7ms]
2025-06-13 11:11:44.702 [info] > git for-each-ref --format=%(refname)%00%(upstream:short)%00%(objectname)%00%(upstream:track)%00%(upstream:remotename)%00%(upstream:remoteref) refs/heads/main refs/remotes/main [2ms]
2025-06-13 11:11:44.717 [info] > git status -z -uall [8ms]
2025-06-13 11:11:44.718 [info] > git for-each-ref --sort -committerdate --format %(refname)%00%(objectname)%00%(*objectname) [2ms]
2025-06-13 11:11:55.203 [info] > git config --get commit.template [21ms]
2025-06-13 11:11:55.206 [info] > git for-each-ref --format=%(refname)%00%(upstream:short)%00%(objectname)%00%(upstream:track)%00%(upstream:remotename)%00%(upstream:remoteref) refs/heads/main refs/remotes/main [7ms]
2025-06-13 11:11:55.260 [info] > git status -z -uall [24ms]
2025-06-13 11:11:55.265 [info] > git for-each-ref --sort -committerdate --format %(refname)%00%(objectname)%00%(*objectname) [6ms]
2025-06-13 11:12:00.291 [info] > git config --get commit.template [7ms]
2025-06-13 11:12:00.292 [info] > git for-each-ref --format=%(refname)%00%(upstream:short)%00%(objectname)%00%(upstream:track)%00%(upstream:remotename)%00%(upstream:remoteref) refs/heads/main refs/remotes/main [2ms]
2025-06-13 11:12:00.306 [info] > git status -z -uall [7ms]
2025-06-13 11:12:00.308 [info] > git for-each-ref --sort -committerdate --format %(refname)%00%(objectname)%00%(*objectname) [2ms]
2025-06-13 11:12:05.925 [info] > git config --get commit.template [22ms]
2025-06-13 11:12:05.929 [info] > git for-each-ref --format=%(refname)%00%(upstream:short)%00%(objectname)%00%(upstream:track)%00%(upstream:remotename)%00%(upstream:remoteref) refs/heads/main refs/remotes/main [8ms]
2025-06-13 11:12:05.972 [info] > git status -z -uall [30ms]
2025-06-13 11:12:05.979 [info] > git for-each-ref --sort -committerdate --format %(refname)%00%(objectname)%00%(*objectname) [10ms]
2025-06-13 11:12:11.083 [info] > git config --get commit.template [3ms]
2025-06-13 11:12:11.103 [info] > git for-each-ref --format=%(refname)%00%(upstream:short)%00%(objectname)%00%(upstream:track)%00%(upstream:remotename)%00%(upstream:remoteref) refs/heads/main refs/remotes/main [9ms]
2025-06-13 11:12:11.149 [info] > git status -z -uall [26ms]
2025-06-13 11:12:11.152 [info] > git for-each-ref --sort -committerdate --format %(refname)%00%(objectname)%00%(*objectname) [5ms]
2025-06-13 11:12:45.722 [info] > git config --get commit.template [20ms]
2025-06-13 11:12:45.725 [info] > git for-each-ref --format=%(refname)%00%(upstream:short)%00%(objectname)%00%(upstream:track)%00%(upstream:remotename)%00%(upstream:remoteref) refs/heads/main refs/remotes/main [5ms]
2025-06-13 11:12:45.768 [info] > git status -z -uall [21ms]
2025-06-13 11:12:45.770 [info] > git for-each-ref --sort -committerdate --format %(refname)%00%(objectname)%00%(*objectname) [3ms]
2025-06-13 11:12:52.493 [info] > git config --get commit.template [31ms]
2025-06-13 11:12:52.502 [info] > git for-each-ref --format=%(refname)%00%(upstream:short)%00%(objectname)%00%(upstream:track)%00%(upstream:remotename)%00%(upstream:remoteref) refs/heads/main refs/remotes/main [14ms]
2025-06-13 11:12:52.577 [info] > git status -z -uall [40ms]
2025-06-13 11:12:52.579 [info] > git for-each-ref --sort -committerdate --format %(refname)%00%(objectname)%00%(*objectname) [7ms]
2025-06-13 11:13:03.463 [info] > git config --get commit.template [21ms]
2025-06-13 11:13:03.466 [info] > git for-each-ref --format=%(refname)%00%(upstream:short)%00%(objectname)%00%(upstream:track)%00%(upstream:remotename)%00%(upstream:remoteref) refs/heads/main refs/remotes/main [5ms]
2025-06-13 11:13:03.505 [info] > git status -z -uall [20ms]
2025-06-13 11:13:03.509 [info] > git for-each-ref --sort -committerdate --format %(refname)%00%(objectname)%00%(*objectname) [6ms]
2025-06-13 11:13:59.340 [info] > git config --get commit.template [15ms]
2025-06-13 11:13:59.342 [info] > git for-each-ref --format=%(refname)%00%(upstream:short)%00%(objectname)%00%(upstream:track)%00%(upstream:remotename)%00%(upstream:remoteref) refs/heads/main refs/remotes/main [6ms]
2025-06-13 11:13:59.373 [info] > git status -z -uall [14ms]
2025-06-13 11:13:59.374 [info] > git for-each-ref --sort -committerdate --format %(refname)%00%(objectname)%00%(*objectname) [3ms]
2025-06-13 11:14:17.518 [info] > git for-each-ref --format=%(refname)%00%(upstream:short)%00%(objectname)%00%(upstream:track)%00%(upstream:remotename)%00%(upstream:remoteref) refs/heads/main refs/remotes/main [9ms]
2025-06-13 11:14:17.519 [info] > git config --get commit.template [20ms]
2025-06-13 11:14:17.561 [info] > git status -z -uall [24ms]
2025-06-13 11:14:17.564 [info] > git for-each-ref --sort -committerdate --format %(refname)%00%(objectname)%00%(*objectname) [6ms]
