2025-06-13 12:09:52.695 [info] Reading sessions from keychain...
2025-06-13 12:09:52.695 [info] Getting sessions for all scopes...
2025-06-13 12:09:52.695 [info] Getting sessions for all scopes...
2025-06-13 12:09:52.695 [info] Got 0 sessions for ...
2025-06-13 12:09:52.695 [info] Got 0 sessions for ...
2025-06-13 12:09:52.695 [info] Getting sessions for all scopes...
2025-06-13 12:09:52.695 [info] Got 0 sessions for ...
2025-06-13 12:09:52.695 [info] Getting sessions for all scopes...
2025-06-13 12:09:52.695 [info] Got 0 sessions for ...
2025-06-13 12:09:52.695 [info] Getting sessions for all scopes...
2025-06-13 12:09:52.695 [info] Got 0 sessions for ...
2025-06-13 12:09:52.695 [info] Getting sessions for all scopes...
2025-06-13 12:09:52.695 [info] Got 0 sessions for ...
2025-06-13 12:09:52.695 [info] Getting sessions for all scopes...
2025-06-13 12:09:52.695 [info] Got 0 sessions for ...
2025-06-13 12:09:52.695 [info] Getting sessions for all scopes...
2025-06-13 12:09:52.695 [info] Got 0 sessions for ...
2025-06-13 12:09:52.695 [info] Getting sessions for all scopes...
2025-06-13 12:09:52.695 [info] Got 0 sessions for ...
2025-06-13 12:09:52.695 [info] Getting sessions for all scopes...
2025-06-13 12:09:52.695 [info] Got 0 sessions for ...
2025-06-13 12:09:52.695 [info] Getting sessions for all scopes...
2025-06-13 12:09:52.695 [info] Got 0 sessions for ...
2025-06-13 12:09:52.695 [info] Getting sessions for all scopes...
2025-06-13 12:09:52.695 [info] Got 0 sessions for ...
2025-06-13 12:09:52.695 [info] Getting sessions for all scopes...
2025-06-13 12:09:52.695 [info] Got 0 sessions for ...
2025-06-13 12:09:52.695 [info] Getting sessions for all scopes...
2025-06-13 12:09:52.695 [info] Got 0 sessions for ...
2025-06-13 12:09:52.878 [info] Getting sessions for all scopes...
2025-06-13 12:09:52.878 [info] Got 0 sessions for ...
2025-06-13 12:09:53.160 [info] Getting sessions for read:user,repo,user:email,workflow...
2025-06-13 12:09:53.160 [info] Got 0 sessions for read:user,repo,user:email,workflow...
2025-06-13 12:09:53.697 [info] Getting sessions for all scopes...
2025-06-13 12:09:53.697 [info] Got 0 sessions for ...
