2025-06-13 11:34:13.013 [info] Reading sessions from keychain...
2025-06-13 11:34:13.013 [info] Getting sessions for all scopes...
2025-06-13 11:34:13.013 [info] Getting sessions for all scopes...
2025-06-13 11:34:13.013 [info] Getting sessions for all scopes...
2025-06-13 11:34:13.013 [info] Getting sessions for all scopes...
2025-06-13 11:34:13.013 [info] Getting sessions for all scopes...
2025-06-13 11:34:13.013 [info] Getting sessions for all scopes...
2025-06-13 11:34:13.013 [info] Getting sessions for all scopes...
2025-06-13 11:34:13.131 [info] Got 0 sessions for ...
2025-06-13 11:34:13.131 [info] Got 0 sessions for ...
2025-06-13 11:34:13.131 [info] Got 0 sessions for ...
2025-06-13 11:34:13.131 [info] Got 0 sessions for ...
2025-06-13 11:34:13.131 [info] Got 0 sessions for ...
2025-06-13 11:34:13.131 [info] Got 0 sessions for ...
2025-06-13 11:34:13.131 [info] Got 0 sessions for ...
2025-06-13 11:34:13.229 [info] Getting sessions for all scopes...
2025-06-13 11:34:13.229 [info] Got 0 sessions for ...
2025-06-13 11:34:13.229 [info] Getting sessions for all scopes...
2025-06-13 11:34:13.229 [info] Got 0 sessions for ...
2025-06-13 11:34:13.229 [info] Getting sessions for all scopes...
2025-06-13 11:34:13.229 [info] Got 0 sessions for ...
2025-06-13 11:34:13.230 [info] Getting sessions for all scopes...
2025-06-13 11:34:13.230 [info] Got 0 sessions for ...
2025-06-13 11:34:13.230 [info] Getting sessions for all scopes...
2025-06-13 11:34:13.230 [info] Got 0 sessions for ...
2025-06-13 11:34:13.230 [info] Getting sessions for all scopes...
2025-06-13 11:34:13.230 [info] Got 0 sessions for ...
2025-06-13 11:34:13.449 [info] Getting sessions for all scopes...
2025-06-13 11:34:13.449 [info] Got 0 sessions for ...
2025-06-13 11:34:14.873 [info] Getting sessions for read:user,repo,user:email,workflow...
2025-06-13 11:34:14.873 [info] Got 0 sessions for read:user,repo,user:email,workflow...
2025-06-13 11:34:15.094 [info] Getting sessions for all scopes...
2025-06-13 11:34:15.094 [info] Got 0 sessions for ...
2025-06-13 11:34:16.113 [info] Getting sessions for all scopes...
2025-06-13 11:34:16.114 [info] Got 0 sessions for ...
