2025-06-13 11:24:36.027 [info] Reading sessions from keychain...
2025-06-13 11:24:36.027 [info] Getting sessions for all scopes...
2025-06-13 11:24:36.027 [info] Getting sessions for all scopes...
2025-06-13 11:24:36.027 [info] Getting sessions for all scopes...
2025-06-13 11:24:36.028 [info] Getting sessions for all scopes...
2025-06-13 11:24:36.028 [info] Getting sessions for all scopes...
2025-06-13 11:24:36.028 [info] Getting sessions for all scopes...
2025-06-13 11:24:36.028 [info] Getting sessions for all scopes...
2025-06-13 11:24:36.028 [info] Got 0 sessions for ...
2025-06-13 11:24:36.028 [info] Got 0 sessions for ...
2025-06-13 11:24:36.028 [info] Got 0 sessions for ...
2025-06-13 11:24:36.028 [info] Got 0 sessions for ...
2025-06-13 11:24:36.028 [info] Got 0 sessions for ...
2025-06-13 11:24:36.028 [info] Got 0 sessions for ...
2025-06-13 11:24:36.028 [info] Got 0 sessions for ...
2025-06-13 11:24:36.113 [info] Getting sessions for all scopes...
2025-06-13 11:24:36.113 [info] Got 0 sessions for ...
2025-06-13 11:24:36.114 [info] Getting sessions for all scopes...
2025-06-13 11:24:36.114 [info] Got 0 sessions for ...
2025-06-13 11:24:36.114 [info] Getting sessions for all scopes...
2025-06-13 11:24:36.114 [info] Got 0 sessions for ...
2025-06-13 11:24:36.114 [info] Getting sessions for all scopes...
2025-06-13 11:24:36.114 [info] Got 0 sessions for ...
2025-06-13 11:24:36.114 [info] Getting sessions for all scopes...
2025-06-13 11:24:36.115 [info] Got 0 sessions for ...
2025-06-13 11:24:36.115 [info] Getting sessions for all scopes...
2025-06-13 11:24:36.115 [info] Got 0 sessions for ...
2025-06-13 11:24:36.121 [info] Getting sessions for all scopes...
2025-06-13 11:24:36.121 [info] Got 0 sessions for ...
2025-06-13 11:24:38.425 [info] Getting sessions for read:user,repo,user:email,workflow...
2025-06-13 11:24:38.425 [info] Got 0 sessions for read:user,repo,user:email,workflow...
2025-06-13 11:24:38.819 [info] Getting sessions for all scopes...
2025-06-13 11:24:38.819 [info] Got 0 sessions for ...
2025-06-13 11:24:39.357 [info] Getting sessions for all scopes...
2025-06-13 11:24:39.357 [info] Got 0 sessions for ...
