2025-06-13 14:42:53.522 [info] [main] Log level: Info
2025-06-13 14:42:53.522 [info] [main] Validating found git in: "git"
2025-06-13 14:42:53.522 [info] [main] Using git "2.49.0" from "git"
2025-06-13 14:42:53.522 [info] [Model][doInitialScan] Initial repository scan started
2025-06-13 14:42:53.522 [info] > git rev-parse --show-toplevel [405ms]
2025-06-13 14:42:53.522 [info] > git rev-parse --git-dir --git-common-dir [31ms]
2025-06-13 14:42:53.522 [info] [Model][openRepository] Opened repository (path): /home/movved/Documents/projex/pomodoro_react/pomodoro
2025-06-13 14:42:53.522 [info] [Model][openRepository] Opened repository (real path): /home/movved/Documents/projex/pomodoro_react/pomodoro
2025-06-13 14:42:53.606 [info] > git config --get commit.template [43ms]
2025-06-13 14:42:53.617 [info] > git rev-parse --show-toplevel [30ms]
2025-06-13 14:42:53.671 [info] > git for-each-ref --format=%(refname)%00%(upstream:short)%00%(objectname)%00%(upstream:track)%00%(upstream:remotename)%00%(upstream:remoteref) refs/heads/main refs/remotes/main [28ms]
2025-06-13 14:42:53.688 [info] > git rev-parse --show-toplevel [20ms]
2025-06-13 14:42:53.763 [info] > git rev-parse --show-toplevel [45ms]
2025-06-13 14:42:53.770 [info] [Model][doInitialScan] Initial repository scan completed - repositories (1), closed repositories (0), parent repositories (0), unsafe repositories (0)
2025-06-13 14:42:53.830 [info] > git status -z -uall [40ms]
2025-06-13 14:42:53.837 [info] > git for-each-ref --sort -committerdate --format %(refname)%00%(objectname)%00%(*objectname) [15ms]
2025-06-13 14:42:54.005 [info] > git for-each-ref --format=%(refname)%00%(upstream:short)%00%(objectname)%00%(upstream:track)%00%(upstream:remotename)%00%(upstream:remoteref) refs/heads/main refs/remotes/main [74ms]
2025-06-13 14:42:54.056 [info] > git config --get --local branch.main.vscode-merge-base [24ms]
2025-06-13 14:42:54.056 [warning] [Git][config] git config failed: Failed to execute git
2025-06-13 14:42:54.085 [info] > git config --get commit.template [131ms]
2025-06-13 14:42:54.132 [info] > git reflog main --grep-reflog=branch: Created from *. [48ms]
2025-06-13 14:42:54.189 [info] > git symbolic-ref --short refs/remotes/origin/HEAD [26ms]
2025-06-13 14:42:54.189 [info] fatal: ref refs/remotes/origin/HEAD is not a symbolic ref
2025-06-13 14:42:54.189 [warning] [Repository][getDefaultBranch] Failed to get default branch details: Failed to execute git.
2025-06-13 14:42:54.267 [info] > git check-ignore -v -z --stdin [12ms]
2025-06-13 14:42:54.270 [info] > git merge-base refs/heads/main refs/remotes/origin/main [44ms]
2025-06-13 14:42:54.295 [info] > git for-each-ref --format=%(refname)%00%(upstream:short)%00%(objectname)%00%(upstream:track)%00%(upstream:remotename)%00%(upstream:remoteref) refs/heads/main refs/remotes/main [108ms]
2025-06-13 14:42:54.314 [info] > git diff --name-status -z --diff-filter=ADMR 73d673b4834c9bccb38249d11614699a84d92e6b...refs/remotes/origin/main [20ms]
2025-06-13 14:42:54.472 [info] > git status -z -uall [41ms]
2025-06-13 14:42:54.479 [info] > git for-each-ref --sort -committerdate --format %(refname)%00%(objectname)%00%(*objectname) [24ms]
2025-06-13 14:48:14.621 [info] > git config --get commit.template [12ms]
2025-06-13 14:48:14.622 [info] > git for-each-ref --format=%(refname)%00%(upstream:short)%00%(objectname)%00%(upstream:track)%00%(upstream:remotename)%00%(upstream:remoteref) refs/heads/main refs/remotes/main [2ms]
2025-06-13 14:48:14.638 [info] > git status -z -uall [9ms]
2025-06-13 14:48:14.639 [info] > git for-each-ref --sort -committerdate --format %(refname)%00%(objectname)%00%(*objectname) [3ms]
2025-06-13 14:49:11.906 [info] > git config --get commit.template [14ms]
2025-06-13 14:49:11.908 [info] > git for-each-ref --format=%(refname)%00%(upstream:short)%00%(objectname)%00%(upstream:track)%00%(upstream:remotename)%00%(upstream:remoteref) refs/heads/main refs/remotes/main [6ms]
2025-06-13 14:49:11.930 [info] > git status -z -uall [9ms]
2025-06-13 14:49:11.933 [info] > git for-each-ref --sort -committerdate --format %(refname)%00%(objectname)%00%(*objectname) [3ms]
2025-06-13 14:49:16.962 [info] > git config --get commit.template [9ms]
2025-06-13 14:49:16.963 [info] > git for-each-ref --format=%(refname)%00%(upstream:short)%00%(objectname)%00%(upstream:track)%00%(upstream:remotename)%00%(upstream:remoteref) refs/heads/main refs/remotes/main [2ms]
2025-06-13 14:49:16.982 [info] > git status -z -uall [10ms]
2025-06-13 14:49:16.984 [info] > git for-each-ref --sort -committerdate --format %(refname)%00%(objectname)%00%(*objectname) [3ms]
2025-06-13 14:50:14.309 [info] > git config --get commit.template [20ms]
2025-06-13 14:50:14.313 [info] > git for-each-ref --format=%(refname)%00%(upstream:short)%00%(objectname)%00%(upstream:track)%00%(upstream:remotename)%00%(upstream:remoteref) refs/heads/main refs/remotes/main [5ms]
2025-06-13 14:50:14.350 [info] > git status -z -uall [19ms]
2025-06-13 14:50:14.353 [info] > git for-each-ref --sort -committerdate --format %(refname)%00%(objectname)%00%(*objectname) [4ms]
2025-06-13 14:50:52.265 [info] > git config --get commit.template [5ms]
2025-06-13 14:50:52.291 [info] > git for-each-ref --format=%(refname)%00%(upstream:short)%00%(objectname)%00%(upstream:track)%00%(upstream:remotename)%00%(upstream:remoteref) refs/heads/main refs/remotes/main [7ms]
2025-06-13 14:50:52.344 [info] > git status -z -uall [30ms]
2025-06-13 14:50:52.350 [info] > git for-each-ref --sort -committerdate --format %(refname)%00%(objectname)%00%(*objectname) [9ms]
2025-06-13 14:50:58.655 [info] > git show --textconv :src/App.jsx [15ms]
2025-06-13 14:50:58.657 [info] > git ls-files --stage -- src/App.jsx [2ms]
2025-06-13 14:50:58.672 [info] > git cat-file -s f67355ae04c4000eef464262481f6b02daa50789 [2ms]
2025-06-13 14:50:58.734 [info] > git blame --root --incremental 73d673b4834c9bccb38249d11614699a84d92e6b -- src/App.jsx [7ms]
2025-06-13 14:52:30.802 [info] > git config --get commit.template [21ms]
2025-06-13 14:52:30.804 [info] > git for-each-ref --format=%(refname)%00%(upstream:short)%00%(objectname)%00%(upstream:track)%00%(upstream:remotename)%00%(upstream:remoteref) refs/heads/main refs/remotes/main [5ms]
2025-06-13 14:52:30.870 [info] > git status -z -uall [37ms]
2025-06-13 14:52:30.876 [info] > git for-each-ref --sort -committerdate --format %(refname)%00%(objectname)%00%(*objectname) [9ms]
2025-06-13 14:52:41.568 [info] > git config --get commit.template [18ms]
2025-06-13 14:52:41.570 [info] > git for-each-ref --format=%(refname)%00%(upstream:short)%00%(objectname)%00%(upstream:track)%00%(upstream:remotename)%00%(upstream:remoteref) refs/heads/main refs/remotes/main [3ms]
2025-06-13 14:52:41.615 [info] > git status -z -uall [21ms]
2025-06-13 14:52:41.621 [info] > git for-each-ref --sort -committerdate --format %(refname)%00%(objectname)%00%(*objectname) [9ms]
2025-06-13 14:53:57.543 [info] > git config --get commit.template [5ms]
2025-06-13 14:53:57.566 [info] > git for-each-ref --format=%(refname)%00%(upstream:short)%00%(objectname)%00%(upstream:track)%00%(upstream:remotename)%00%(upstream:remoteref) refs/heads/main refs/remotes/main [5ms]
2025-06-13 14:53:57.596 [info] > git status -z -uall [14ms]
2025-06-13 14:53:57.598 [info] > git for-each-ref --sort -committerdate --format %(refname)%00%(objectname)%00%(*objectname) [3ms]
2025-06-13 14:55:26.378 [info] > git config --get commit.template [27ms]
2025-06-13 14:55:26.381 [info] > git for-each-ref --format=%(refname)%00%(upstream:short)%00%(objectname)%00%(upstream:track)%00%(upstream:remotename)%00%(upstream:remoteref) refs/heads/main refs/remotes/main [5ms]
2025-06-13 14:55:26.462 [info] > git status -z -uall [46ms]
2025-06-13 14:55:26.466 [info] > git for-each-ref --sort -committerdate --format %(refname)%00%(objectname)%00%(*objectname) [15ms]
2025-06-13 14:55:50.783 [info] > git config --get commit.template [31ms]
2025-06-13 14:55:50.786 [info] > git for-each-ref --format=%(refname)%00%(upstream:short)%00%(objectname)%00%(upstream:track)%00%(upstream:remotename)%00%(upstream:remoteref) refs/heads/main refs/remotes/main [5ms]
2025-06-13 14:55:50.857 [info] > git status -z -uall [32ms]
2025-06-13 14:55:50.867 [info] > git for-each-ref --sort -committerdate --format %(refname)%00%(objectname)%00%(*objectname) [10ms]
2025-06-13 14:56:04.949 [info] > git config --get commit.template [14ms]
2025-06-13 14:56:04.951 [info] > git for-each-ref --format=%(refname)%00%(upstream:short)%00%(objectname)%00%(upstream:track)%00%(upstream:remotename)%00%(upstream:remoteref) refs/heads/main refs/remotes/main [3ms]
2025-06-13 14:56:05.026 [info] > git status -z -uall [41ms]
2025-06-13 14:56:05.030 [info] > git for-each-ref --sort -committerdate --format %(refname)%00%(objectname)%00%(*objectname) [9ms]
2025-06-13 14:56:19.675 [info] > git config --get commit.template [32ms]
2025-06-13 14:56:19.677 [info] > git for-each-ref --format=%(refname)%00%(upstream:short)%00%(objectname)%00%(upstream:track)%00%(upstream:remotename)%00%(upstream:remoteref) refs/heads/main refs/remotes/main [9ms]
2025-06-13 14:56:19.730 [info] > git status -z -uall [31ms]
2025-06-13 14:56:19.736 [info] > git for-each-ref --sort -committerdate --format %(refname)%00%(objectname)%00%(*objectname) [9ms]
2025-06-13 14:57:23.883 [info] > git config --get commit.template [3ms]
2025-06-13 14:57:23.897 [info] > git for-each-ref --format=%(refname)%00%(upstream:short)%00%(objectname)%00%(upstream:track)%00%(upstream:remotename)%00%(upstream:remoteref) refs/heads/main refs/remotes/main [3ms]
2025-06-13 14:57:23.918 [info] > git status -z -uall [10ms]
2025-06-13 14:57:23.920 [info] > git for-each-ref --sort -committerdate --format %(refname)%00%(objectname)%00%(*objectname) [3ms]
2025-06-13 15:01:41.396 [info] > git config --get commit.template [13ms]
2025-06-13 15:01:41.402 [info] > git for-each-ref --format=%(refname)%00%(upstream:short)%00%(objectname)%00%(upstream:track)%00%(upstream:remotename)%00%(upstream:remoteref) refs/heads/main refs/remotes/main [7ms]
2025-06-13 15:01:41.444 [info] > git status -z -uall [23ms]
2025-06-13 15:01:41.450 [info] > git for-each-ref --sort -committerdate --format %(refname)%00%(objectname)%00%(*objectname) [11ms]
2025-06-13 15:01:56.931 [info] > git config --get commit.template [19ms]
2025-06-13 15:01:56.933 [info] > git for-each-ref --format=%(refname)%00%(upstream:short)%00%(objectname)%00%(upstream:track)%00%(upstream:remotename)%00%(upstream:remoteref) refs/heads/main refs/remotes/main [3ms]
2025-06-13 15:01:56.953 [info] > git status -z -uall [11ms]
2025-06-13 15:01:56.954 [info] > git for-each-ref --sort -committerdate --format %(refname)%00%(objectname)%00%(*objectname) [2ms]
2025-06-13 15:01:58.107 [info] > git show --textconv :index.html [18ms]
2025-06-13 15:01:58.108 [info] > git ls-files --stage -- index.html [2ms]
2025-06-13 15:01:58.124 [info] > git cat-file -s 0c589eccd4d48e270e161a1ab91baee5e5f4b4bc [2ms]
2025-06-13 15:01:58.154 [info] > git blame --root --incremental 73d673b4834c9bccb38249d11614699a84d92e6b -- index.html [2ms]
2025-06-13 15:02:02.846 [info] > git check-ignore -v -z --stdin [2ms]
2025-06-13 15:02:03.221 [info] > git show --textconv :src/App.jsx [19ms]
2025-06-13 15:02:03.222 [info] > git ls-files --stage -- src/App.jsx [2ms]
2025-06-13 15:02:03.237 [info] > git cat-file -s f67355ae04c4000eef464262481f6b02daa50789 [2ms]
2025-06-13 15:05:56.107 [info] > git config --get commit.template [28ms]
2025-06-13 15:05:56.110 [info] > git for-each-ref --format=%(refname)%00%(upstream:short)%00%(objectname)%00%(upstream:track)%00%(upstream:remotename)%00%(upstream:remoteref) refs/heads/main refs/remotes/main [7ms]
2025-06-13 15:05:56.166 [info] > git status -z -uall [24ms]
2025-06-13 15:05:56.171 [info] > git for-each-ref --sort -committerdate --format %(refname)%00%(objectname)%00%(*objectname) [7ms]
2025-06-13 15:11:16.502 [info] > git config --get commit.template [23ms]
2025-06-13 15:11:16.506 [info] > git for-each-ref --format=%(refname)%00%(upstream:short)%00%(objectname)%00%(upstream:track)%00%(upstream:remotename)%00%(upstream:remoteref) refs/heads/main refs/remotes/main [5ms]
2025-06-13 15:11:16.547 [info] > git status -z -uall [20ms]
2025-06-13 15:11:16.549 [info] > git for-each-ref --sort -committerdate --format %(refname)%00%(objectname)%00%(*objectname) [2ms]
2025-06-13 15:11:47.705 [info] > git config --get commit.template [18ms]
2025-06-13 15:11:47.706 [info] > git for-each-ref --format=%(refname)%00%(upstream:short)%00%(objectname)%00%(upstream:track)%00%(upstream:remotename)%00%(upstream:remoteref) refs/heads/main refs/remotes/main [2ms]
2025-06-13 15:11:47.738 [info] > git status -z -uall [20ms]
2025-06-13 15:11:47.740 [info] > git for-each-ref --sort -committerdate --format %(refname)%00%(objectname)%00%(*objectname) [3ms]
2025-06-13 15:13:41.956 [info] > git config --get commit.template [32ms]
2025-06-13 15:13:41.958 [info] > git for-each-ref --format=%(refname)%00%(upstream:short)%00%(objectname)%00%(upstream:track)%00%(upstream:remotename)%00%(upstream:remoteref) refs/heads/main refs/remotes/main [7ms]
2025-06-13 15:13:42.028 [info] > git status -z -uall [30ms]
2025-06-13 15:13:42.034 [info] > git for-each-ref --sort -committerdate --format %(refname)%00%(objectname)%00%(*objectname) [11ms]
2025-06-13 15:13:53.585 [info] > git config --get commit.template [25ms]
2025-06-13 15:13:53.589 [info] > git for-each-ref --format=%(refname)%00%(upstream:short)%00%(objectname)%00%(upstream:track)%00%(upstream:remotename)%00%(upstream:remoteref) refs/heads/main refs/remotes/main [8ms]
2025-06-13 15:13:53.633 [info] > git status -z -uall [28ms]
2025-06-13 15:13:53.638 [info] > git for-each-ref --sort -committerdate --format %(refname)%00%(objectname)%00%(*objectname) [7ms]
2025-06-13 15:15:09.113 [info] > git config --get commit.template [25ms]
2025-06-13 15:15:09.116 [info] > git for-each-ref --format=%(refname)%00%(upstream:short)%00%(objectname)%00%(upstream:track)%00%(upstream:remotename)%00%(upstream:remoteref) refs/heads/main refs/remotes/main [5ms]
2025-06-13 15:15:09.143 [info] > git status -z -uall [11ms]
2025-06-13 15:15:09.147 [info] > git for-each-ref --sort -committerdate --format %(refname)%00%(objectname)%00%(*objectname) [6ms]
2025-06-13 15:15:14.195 [info] > git config --get commit.template [20ms]
2025-06-13 15:15:14.198 [info] > git for-each-ref --format=%(refname)%00%(upstream:short)%00%(objectname)%00%(upstream:track)%00%(upstream:remotename)%00%(upstream:remoteref) refs/heads/main refs/remotes/main [5ms]
2025-06-13 15:15:14.237 [info] > git status -z -uall [20ms]
2025-06-13 15:15:14.239 [info] > git for-each-ref --sort -committerdate --format %(refname)%00%(objectname)%00%(*objectname) [3ms]
2025-06-13 15:16:54.238 [info] > git config --get commit.template [33ms]
2025-06-13 15:16:54.245 [info] > git for-each-ref --format=%(refname)%00%(upstream:short)%00%(objectname)%00%(upstream:track)%00%(upstream:remotename)%00%(upstream:remoteref) refs/heads/main refs/remotes/main [12ms]
2025-06-13 15:16:54.289 [info] > git status -z -uall [26ms]
2025-06-13 15:16:54.294 [info] > git for-each-ref --sort -committerdate --format %(refname)%00%(objectname)%00%(*objectname) [9ms]
2025-06-13 15:17:20.904 [info] > git config --get commit.template [23ms]
2025-06-13 15:17:20.905 [info] > git for-each-ref --format=%(refname)%00%(upstream:short)%00%(objectname)%00%(upstream:track)%00%(upstream:remotename)%00%(upstream:remoteref) refs/heads/main refs/remotes/main [10ms]
2025-06-13 15:17:20.951 [info] > git status -z -uall [31ms]
2025-06-13 15:17:20.959 [info] > git for-each-ref --sort -committerdate --format %(refname)%00%(objectname)%00%(*objectname) [10ms]
